2008-08-23 02:05:14 Warning: Warning (2): Cannot modify header information - headers already sent by (output started at D:\xampp\htdocs\cake_blog\cake\basics.php:117) in [CORE\cake\libs\controller\controller.php, line 577]
2008-08-23 13:15:27 Warning: Warning (512): <span style = "color:Red;text-align:left"><b>SQL Error:</b> 1054: Unknown column 'field' in 'where clause'</span> in [CORE\cake\libs\model\datasources\dbo_source.php, line 512]
2008-08-23 13:17:14 Warning: Warning (512): <span style = "color:Red;text-align:left"><b>SQL Error:</b> 1064: You have an error in your SQL syntax; check the manual that corresponds to your MySQL server version for the right syntax to use near 'all    LIMIT 1' at line 1</span> in [CORE\cake\libs\model\datasources\dbo_source.php, line 512]
2008-08-23 13:17:49 Warning: Warning (512): <span style = "color:Red;text-align:left"><b>SQL Error:</b> 1054: Unknown column 'fields' in 'where clause'</span> in [CORE\cake\libs\model\datasources\dbo_source.php, line 512]
2008-08-23 14:29:09 Warning: Warning (512): <span style = "color:Red;text-align:left"><b>SQL Error:</b> 1064: You have an error in your SQL syntax; check the manual that corresponds to your MySQL server version for the right syntax to use near 'list_categories' at line 1</span> in [CORE\cake\libs\model\datasources\dbo_source.php, line 512]
2008-08-23 14:29:48 Warning: Warning (512): <span style = "color:Red;text-align:left"><b>SQL Error:</b> 1064: You have an error in your SQL syntax; check the manual that corresponds to your MySQL server version for the right syntax to use near 'list_categories' at line 1</span> in [CORE\cake\libs\model\datasources\dbo_source.php, line 512]
2008-08-23 14:31:19 Warning: Warning (512): <span style = "color:Red;text-align:left"><b>SQL Error:</b> 1064: You have an error in your SQL syntax; check the manual that corresponds to your MySQL server version for the right syntax to use near 'list_categories' at line 1</span> in [CORE\cake\libs\model\datasources\dbo_source.php, line 512]
2008-08-23 14:32:19 Warning: Warning (512): <span style = "color:Red;text-align:left"><b>SQL Error:</b> 1064: You have an error in your SQL syntax; check the manual that corresponds to your MySQL server version for the right syntax to use near 'list_categories' at line 1</span> in [CORE\cake\libs\model\datasources\dbo_source.php, line 512]
2008-08-23 14:34:25 Warning: Warning (512): <span style = "color:Red;text-align:left"><b>SQL Error:</b> 1064: You have an error in your SQL syntax; check the manual that corresponds to your MySQL server version for the right syntax to use near 'list_categories' at line 1</span> in [CORE\cake\libs\model\datasources\dbo_source.php, line 512]
2008-08-23 14:34:36 Warning: Warning (512): <span style = "color:Red;text-align:left"><b>SQL Error:</b> 1064: You have an error in your SQL syntax; check the manual that corresponds to your MySQL server version for the right syntax to use near 'list_categories' at line 1</span> in [CORE\cake\libs\model\datasources\dbo_source.php, line 512]
2008-08-23 14:35:55 Warning: Warning (512): <span style = "color:Red;text-align:left"><b>SQL Error:</b> 1064: You have an error in your SQL syntax; check the manual that corresponds to your MySQL server version for the right syntax to use near 'list_categories' at line 1</span> in [CORE\cake\libs\model\datasources\dbo_source.php, line 512]
2008-08-23 14:36:00 Warning: Warning (512): <span style = "color:Red;text-align:left"><b>SQL Error:</b> 1064: You have an error in your SQL syntax; check the manual that corresponds to your MySQL server version for the right syntax to use near 'list_categories' at line 1</span> in [CORE\cake\libs\model\datasources\dbo_source.php, line 512]
2008-08-23 15:13:49 Warning: Warning (512): <span style = "color:Red;text-align:left"><b>SQL Error:</b> 1064: You have an error in your SQL syntax; check the manual that corresponds to your MySQL server version for the right syntax to use near 'list_categories' at line 1</span> in [CORE\cake\libs\model\datasources\dbo_source.php, line 512]
2008-08-23 17:19:36 Warning: Warning (2): ereg() [<a href='http://php.net/function.ereg'>function.ereg</a>]: REG_EMPTY in [APP\views\helpers\browser.php, line 48]
2008-08-23 17:21:13 Warning: Warning (2): ereg() [<a href='http://php.net/function.ereg'>function.ereg</a>]: REG_EMPTY in [APP\views\helpers\browser.php, line 48]
2008-08-23 17:21:39 Warning: Warning (2): ereg() [<a href='http://php.net/function.ereg'>function.ereg</a>]: REG_EMPTY in [APP\views\helpers\browser.php, line 48]
2008-08-23 17:21:58 Warning: Warning (2): ereg() [<a href='http://php.net/function.ereg'>function.ereg</a>]: REG_EMPTY in [APP\views\helpers\browser.php, line 48]
2008-08-23 17:22:17 Warning: Warning (2): ereg() [<a href='http://php.net/function.ereg'>function.ereg</a>]: REG_EMPTY in [APP\views\helpers\browser.php, line 48]
2008-08-23 17:22:40 Warning: Warning (2): ereg() [<a href='http://php.net/function.ereg'>function.ereg</a>]: REG_EMPTY in [APP\views\helpers\browser.php, line 48]
2008-08-23 17:22:50 Warning: Warning (2): ereg() [<a href='http://php.net/function.ereg'>function.ereg</a>]: REG_EMPTY in [APP\views\helpers\browser.php, line 48]
2008-08-23 17:26:07 Warning: Warning (2): ereg() [<a href='http://php.net/function.ereg'>function.ereg</a>]: REG_EMPTY in [APP\views\helpers\browser.php, line 49]
2008-08-23 17:26:39 Warning: Warning (2): ereg() [<a href='http://php.net/function.ereg'>function.ereg</a>]: REG_EMPTY in [APP\views\helpers\browser.php, line 50]
2008-08-23 17:27:26 Warning: Warning (2): ereg() [<a href='http://php.net/function.ereg'>function.ereg</a>]: REG_EMPTY in [APP\views\helpers\browser.php, line 52]
2008-08-23 17:27:38 Warning: Warning (2): ereg() [<a href='http://php.net/function.ereg'>function.ereg</a>]: REG_EMPTY in [APP\views\helpers\browser.php, line 52]
2008-08-23 17:28:23 Warning: Warning (2): ereg() [<a href='http://php.net/function.ereg'>function.ereg</a>]: REG_EMPTY in [APP\views\helpers\browser.php, line 49]
2008-08-23 17:28:41 Warning: Warning (2): ereg() [<a href='http://php.net/function.ereg'>function.ereg</a>]: REG_EMPTY in [APP\views\helpers\browser.php, line 49]
2008-08-23 23:01:43 Warning: Warning (2): Missing argument 1 for FormHelper::error(), called in D:\xampp\htdocs\cake_blog\app\views\posts\view.ctp on line 17 and defined in [CORE\cake\libs\view\helpers\form.php, line 398]
2008-08-23 23:03:24 Warning: Warning (2): Missing argument 1 for FormHelper::error(), called in D:\xampp\htdocs\cake_blog\app\views\posts\view.ctp on line 17 and defined in [CORE\cake\libs\view\helpers\form.php, line 398]
2008-08-23 23:04:33 Warning: Warning (2): Missing argument 1 for FormHelper::error(), called in D:\xampp\htdocs\cake_blog\app\views\posts\view.ctp on line 17 and defined in [CORE\cake\libs\view\helpers\form.php, line 398]
2008-08-23 23:04:46 Warning: Warning (2): Missing argument 1 for FormHelper::error(), called in D:\xampp\htdocs\cake_blog\app\views\posts\view.ctp on line 17 and defined in [CORE\cake\libs\view\helpers\form.php, line 398]
2008-08-23 23:05:30 Warning: Warning (2): Missing argument 1 for FormHelper::error(), called in D:\xampp\htdocs\cake_blog\app\views\posts\view.ctp on line 17 and defined in [CORE\cake\libs\view\helpers\form.php, line 398]
2008-08-24 00:57:38 Warning: Warning (2): Cannot modify header information - headers already sent by (output started at D:\xampp\htdocs\cake_blog\cake\basics.php:117) in [CORE\cake\libs\controller\controller.php, line 577]
2008-08-24 00:59:14 Warning: Warning (2): Cannot modify header information - headers already sent by (output started at D:\xampp\htdocs\cake_blog\cake\basics.php:117) in [CORE\cake\libs\controller\controller.php, line 577]
2008-08-24 11:44:56 Warning: Warning (2): htmlspecialchars() expects parameter 1 to be string, array given in [CORE\cake\libs\view\helpers\html.php, line 293]
2008-08-24 11:45:11 Warning: Warning (2): htmlspecialchars() expects parameter 1 to be string, array given in [CORE\cake\libs\view\helpers\html.php, line 293]
2008-08-24 15:06:31 Warning: Warning (2): preg_match() [<a href='http://php.net/function.preg-match'>function.preg-match</a>]: Compilation failed: nothing to repeat at offset 22 in [CORE\cake\libs\router.php, line 497]
2008-08-24 22:22:59 Warning: Warning (2): unlink(D:\xampp\htdocs\cake_blog\app\tmp\cache\\persistent\cake_core_file_map) [<a href='http://php.net/function.unlink'>function.unlink</a>]: Permission denied in [CORE\cake\libs\file.php, line 278]
2008-08-25 00:35:33 Warning: Warning (512): <span style = "color:Red;text-align:left"><b>SQL Error:</b> 1052: Column 'created' in order clause is ambiguous</span> in [CORE\cake\libs\model\datasources\dbo_source.php, line 512]
2008-08-25 00:41:31 Warning: Warning (512): <span style = "color:Red;text-align:left"><b>SQL Error:</b> 1064: You have an error in your SQL syntax; check the manual that corresponds to your MySQL server version for the right syntax to use near 'list_sidebar_categories' at line 1</span> in [CORE\cake\libs\model\datasources\dbo_source.php, line 512]
2008-08-25 00:41:31 Warning: Warning (512): <span style = "color:Red;text-align:left"><b>SQL Error:</b> 1064: You have an error in your SQL syntax; check the manual that corresponds to your MySQL server version for the right syntax to use near 'list_latest_posts' at line 1</span> in [CORE\cake\libs\model\datasources\dbo_source.php, line 512]
2008-08-25 00:41:31 Warning: Warning (2): Invalid argument supplied for foreach() in [APP\views\layouts\default.ctp, line 69]
2008-08-25 00:41:31 Warning: Warning (2): Invalid argument supplied for foreach() in [APP\views\layouts\default.ctp, line 77]
2008-08-25 00:50:44 Warning: Warning (2): Missing argument 1 for AppController::list_sidebar_categories(), called in D:\xampp\htdocs\cake_blog\app\app_controller.php on line 74 and defined in [APP\app_controller.php, line 159]
2008-08-25 00:53:40 Warning: Warning (2): Invalid argument supplied for foreach() in [APP\views\layouts\default.ctp, line 77]
2008-08-25 00:54:15 Warning: Warning (2): Invalid argument supplied for foreach() in [APP\views\layouts\default.ctp, line 77]
2008-08-25 00:55:42 Warning: Warning (2): Invalid argument supplied for foreach() in [APP\views\layouts\default.ctp, line 77]
2008-08-25 01:04:15 Warning: Warning (2): Invalid argument supplied for foreach() in [APP\views\layouts\default.ctp, line 77]
2008-08-25 01:08:34 Warning: Warning (2): Missing argument 1 for PostsController::list_latest(), called in D:\xampp\htdocs\cake_blog\cake\libs\object.php on line 114 and defined in [APP\controllers\posts_controller.php, line 35]
2008-08-25 01:08:56 Warning: Warning (2): Missing argument 1 for PostsController::list_latest(), called in D:\xampp\htdocs\cake_blog\cake\libs\object.php on line 114 and defined in [APP\controllers\posts_controller.php, line 35]
2008-08-25 01:46:54 Warning: Warning (512): Method HtmlHelper::getCrumb does not exist in [CORE\cake\libs\view\helper.php, line 148]
2008-08-25 01:47:32 Warning: Warning (512): Method HtmlHelper::getCrumb does not exist in [CORE\cake\libs\view\helper.php, line 148]
2008-08-25 13:55:18 Warning: Warning (512): <span style = "color:Red;text-align:left"><b>SQL Error:</b> 1064: You have an error in your SQL syntax; check the manual that corresponds to your MySQL server version for the right syntax to use near 'list_select_categories' at line 1</span> in [CORE\cake\libs\model\datasources\dbo_source.php, line 512]
2008-08-25 21:03:10 Warning: Warning (512): Method HtmlHelper::img does not exist in [CORE\cake\libs\view\helper.php, line 148]
2008-08-25 22:07:57 Warning: Warning (512): Method FormHelper::close does not exist in [CORE\cake\libs\view\helper.php, line 148]
2008-08-26 00:41:36 Warning: Warning (2): array_merge_recursive() [<a href='http://php.net/function.array-merge-recursive'>function.array-merge-recursive</a>]: Argument #1 is not an array in [CORE\cake\libs\view\view.php, line 334]
2008-08-26 00:41:36 Warning: Warning (2): array_merge() [<a href='http://php.net/function.array-merge'>function.array-merge</a>]: Argument #2 is not an array in [CORE\cake\libs\view\view.php, line 335]
2008-08-26 00:41:36 Warning: Warning (2): extract() [<a href='http://php.net/function.extract'>function.extract</a>]: First argument should be an array in [CORE\cake\libs\view\view.php, line 642]
2008-08-26 00:42:58 Warning: Warning (2): array_merge_recursive() [<a href='http://php.net/function.array-merge-recursive'>function.array-merge-recursive</a>]: Argument #1 is not an array in [CORE\cake\libs\view\view.php, line 334]
2008-08-26 00:42:58 Warning: Warning (2): array_merge() [<a href='http://php.net/function.array-merge'>function.array-merge</a>]: Argument #2 is not an array in [CORE\cake\libs\view\view.php, line 335]
2008-08-26 00:42:58 Warning: Warning (2): extract() [<a href='http://php.net/function.extract'>function.extract</a>]: First argument should be an array in [CORE\cake\libs\view\view.php, line 642]
2008-08-26 00:46:00 Warning: Warning (2): array_merge_recursive() [<a href='http://php.net/function.array-merge-recursive'>function.array-merge-recursive</a>]: Argument #1 is not an array in [CORE\cake\libs\view\view.php, line 334]
2008-08-26 00:46:00 Warning: Warning (2): array_merge() [<a href='http://php.net/function.array-merge'>function.array-merge</a>]: Argument #2 is not an array in [CORE\cake\libs\view\view.php, line 335]
2008-08-26 00:46:00 Warning: Warning (2): extract() [<a href='http://php.net/function.extract'>function.extract</a>]: First argument should be an array in [CORE\cake\libs\view\view.php, line 642]
2008-08-26 00:46:22 Warning: Warning (2): array_merge_recursive() [<a href='http://php.net/function.array-merge-recursive'>function.array-merge-recursive</a>]: Argument #1 is not an array in [CORE\cake\libs\view\view.php, line 334]
2008-08-26 00:46:22 Warning: Warning (2): array_merge() [<a href='http://php.net/function.array-merge'>function.array-merge</a>]: Argument #2 is not an array in [CORE\cake\libs\view\view.php, line 335]
2008-08-26 00:46:22 Warning: Warning (2): extract() [<a href='http://php.net/function.extract'>function.extract</a>]: First argument should be an array in [CORE\cake\libs\view\view.php, line 642]
2008-08-26 00:47:26 Warning: Warning (2): array_merge_recursive() [<a href='http://php.net/function.array-merge-recursive'>function.array-merge-recursive</a>]: Argument #1 is not an array in [CORE\cake\libs\view\view.php, line 334]
2008-08-26 00:47:26 Warning: Warning (2): array_merge() [<a href='http://php.net/function.array-merge'>function.array-merge</a>]: Argument #2 is not an array in [CORE\cake\libs\view\view.php, line 335]
2008-08-26 00:47:26 Warning: Warning (2): extract() [<a href='http://php.net/function.extract'>function.extract</a>]: First argument should be an array in [CORE\cake\libs\view\view.php, line 642]
2008-08-26 00:51:49 Warning: Warning (2): array_merge_recursive() [<a href='http://php.net/function.array-merge-recursive'>function.array-merge-recursive</a>]: Argument #1 is not an array in [CORE\cake\libs\view\view.php, line 334]
2008-08-26 00:51:49 Warning: Warning (2): array_merge() [<a href='http://php.net/function.array-merge'>function.array-merge</a>]: Argument #2 is not an array in [CORE\cake\libs\view\view.php, line 335]
2008-08-26 00:51:49 Warning: Warning (2): extract() [<a href='http://php.net/function.extract'>function.extract</a>]: First argument should be an array in [CORE\cake\libs\view\view.php, line 642]
2008-08-26 00:52:23 Warning: Warning (2): array_merge_recursive() [<a href='http://php.net/function.array-merge-recursive'>function.array-merge-recursive</a>]: Argument #1 is not an array in [CORE\cake\libs\view\view.php, line 334]
2008-08-26 00:52:23 Warning: Warning (2): array_merge() [<a href='http://php.net/function.array-merge'>function.array-merge</a>]: Argument #2 is not an array in [CORE\cake\libs\view\view.php, line 335]
2008-08-26 00:52:23 Warning: Warning (2): extract() [<a href='http://php.net/function.extract'>function.extract</a>]: First argument should be an array in [CORE\cake\libs\view\view.php, line 642]
2008-08-26 14:11:31 Warning: Warning (2): Invalid argument supplied for foreach() in [APP\views\pages\home.ctp, line 10]
2009-03-23 16:12:44 Warning: Warning (2): Invalid argument supplied for foreach() in [APP\views\categories\view.ctp, line 8]
2009-04-02 12:11:52 Warning: Warning (512): <span style = "color:Red;text-align:left"><b>SQL Error:</b> 1054: Unknown column 'Comment.created' in 'order clause'</span> in [CORE\cake\libs\model\datasources\dbo_source.php, line 512]
2009-04-02 12:11:52 Warning: Warning (2): Invalid argument supplied for foreach() in [APP\views\layouts\default.ctp, line 74]
2009-04-02 12:12:15 Warning: Warning (512): <span style = "color:Red;text-align:left"><b>SQL Error:</b> 1054: Unknown column 'Comment.created' in 'order clause'</span> in [CORE\cake\libs\model\datasources\dbo_source.php, line 512]
2009-04-02 12:12:15 Warning: Warning (2): Invalid argument supplied for foreach() in [APP\views\layouts\default.ctp, line 74]
2009-04-02 12:12:30 Warning: Warning (512): <span style = "color:Red;text-align:left"><b>SQL Error:</b> 1054: Unknown column 'Comment.sdate' in 'order clause'</span> in [CORE\cake\libs\model\datasources\dbo_source.php, line 512]
2009-04-02 12:12:30 Warning: Warning (2): Invalid argument supplied for foreach() in [APP\views\layouts\default.ctp, line 74]
2009-04-02 12:42:27 Warning: Warning (512): <span style = "color:Red;text-align:left"><b>SQL Error:</b> 1064: You have an error in your SQL syntax; check the manual that corresponds to your MySQL server version for the right syntax to use near 'all' at line 1</span> in [CORE\cake\libs\model\datasources\dbo_source.php, line 512]
2009-04-02 12:42:27 Warning: Warning (2): Invalid argument supplied for foreach() in [APP\views\pages\home.ctp, line 11]
2009-04-02 12:45:04 Warning: Warning (512): <span style = "color:Red;text-align:left"><b>SQL Error:</b> 1054: Unknown column 'Company.sdate' in 'order clause'</span> in [CORE\cake\libs\model\datasources\dbo_source.php, line 512]
2009-04-02 12:45:04 Warning: Warning (2): Invalid argument supplied for foreach() in [APP\views\layouts\default.ctp, line 74]
2009-04-02 12:45:04 Warning: Warning (2): Invalid argument supplied for foreach() in [APP\views\layouts\default.ctp, line 105]
2009-04-02 12:45:46 Warning: Warning (512): <span style = "color:Red;text-align:left"><b>SQL Error:</b> 1054: Unknown column 'Company.sdate' in 'order clause'</span> in [CORE\cake\libs\model\datasources\dbo_source.php, line 512]
2009-04-02 12:45:46 Warning: Warning (2): Invalid argument supplied for foreach() in [APP\views\layouts\default.ctp, line 74]
2009-04-02 12:45:46 Warning: Warning (2): Invalid argument supplied for foreach() in [APP\views\layouts\default.ctp, line 105]
2009-04-02 12:49:12 Warning: Warning (512): <span style = "color:Red;text-align:left"><b>SQL Error:</b> 1054: Unknown column 'Company.sdate' in 'order clause'</span> in [CORE\cake\libs\model\datasources\dbo_source.php, line 512]
2009-04-02 12:49:12 Warning: Warning (2): Invalid argument supplied for foreach() in [APP\views\layouts\default.ctp, line 74]
2009-04-02 12:49:12 Warning: Warning (2): Invalid argument supplied for foreach() in [APP\views\layouts\default.ctp, line 105]
2009-04-02 13:05:52 Warning: Warning (2): Invalid argument supplied for foreach() in [APP\views\companies\search.ctp, line 6]
2009-04-02 13:07:17 Warning: Warning (2): Invalid argument supplied for foreach() in [APP\views\companies\search.ctp, line 6]
2009-04-02 13:07:20 Warning: Warning (2): Invalid argument supplied for foreach() in [APP\views\companies\search.ctp, line 6]
2009-04-02 13:08:03 Warning: Warning (2): Invalid argument supplied for foreach() in [APP\views\companies\search.ctp, line 6]
2009-04-02 13:08:06 Warning: Warning (2): Invalid argument supplied for foreach() in [APP\views\companies\search.ctp, line 6]
2009-04-02 13:08:47 Warning: Warning (2): Invalid argument supplied for foreach() in [APP\views\companies\search.ctp, line 6]
2009-04-02 13:09:05 Warning: Warning (2): Invalid argument supplied for foreach() in [APP\views\companies\search.ctp, line 6]
2009-04-02 13:09:26 Warning: Warning (2): Invalid argument supplied for foreach() in [APP\views\companies\search.ctp, line 6]
2009-04-02 13:10:55 Warning: Warning (2): Invalid argument supplied for foreach() in [APP\views\companies\search.ctp, line 6]
2009-04-06 20:37:36 Warning: Warning (512): <span style = "color:Red;text-align:left"><b>SQL Error:</b> 1054: Unknown column 'Price.per_hour' in 'order clause'</span> in [CORE\cake\libs\model\datasources\dbo_source.php, line 512]
2009-04-06 20:37:36 Warning: Warning (2): Invalid argument supplied for foreach() in [APP\views\layouts\default.ctp, line 74]
2009-04-06 20:37:36 Warning: Warning (2): Invalid argument supplied for foreach() in [APP\views\layouts\default.ctp, line 105]
2009-04-06 22:59:29 Warning: Warning (512): <span style = "color:Red;text-align:left"><b>SQL Error:</b> 1054: Unknown column 'Company.favourits_id' in 'on clause'</span> in [CORE\cake\libs\model\datasources\dbo_source.php, line 512]
2009-04-06 22:59:29 Warning: Warning (2): Invalid argument supplied for foreach() in [APP\views\pages\home.ctp, line 11]
2009-04-06 23:12:06 Warning: Warning (512): <span style = "color:Red;text-align:left"><b>SQL Error:</b> 1054: Unknown column 'Favourit.company_id' in 'where clause'</span> in [CORE\cake\libs\model\datasources\dbo_source.php, line 512]
2009-04-06 23:12:06 Warning: Warning (2): Invalid argument supplied for foreach() in [APP\views\companies\view.ctp, line 46]
2009-04-06 23:12:20 Warning: Warning (512): <span style = "color:Red;text-align:left"><b>SQL Error:</b> 1054: Unknown column 'Favourit.company_id' in 'where clause'</span> in [CORE\cake\libs\model\datasources\dbo_source.php, line 512]
2009-04-06 23:12:20 Warning: Warning (2): Invalid argument supplied for foreach() in [APP\views\companies\view.ctp, line 46]
2009-04-06 23:40:39 Warning: Warning (2): Invalid argument supplied for foreach() in [APP\views\companies\view.ctp, line 46]
2009-04-07 00:02:36 Warning: Warning (512): <span style = "color:Red;text-align:left"><b>SQL Error:</b> 1054: Unknown column 'limit' in 'where clause'</span> in [CORE\cake\libs\model\datasources\dbo_source.php, line 512]
2009-04-07 00:02:36 Warning: Warning (2): Invalid argument supplied for foreach() in [APP\views\companies\view.ctp, line 46]
2009-04-07 00:02:51 Warning: Warning (2): Invalid argument supplied for foreach() in [APP\views\companies\view.ctp, line 46]
2009-04-07 00:09:02 Warning: Warning (512): <span style = "color:Red;text-align:left"><b>SQL Error:</b> 1054: Unknown column 'Company.2' in 'field list'</span> in [CORE\cake\libs\model\datasources\dbo_source.php, line 512]
2009-04-07 00:09:02 Warning: Warning (512): <span style = "color:Red;text-align:left"><b>SQL Error:</b> 1054: Unknown column 'Company.3' in 'field list'</span> in [CORE\cake\libs\model\datasources\dbo_source.php, line 512]
2009-06-14 10:15:17 Warning: Warning (2): Missing argument 1 for HtmlHelper::charset(), called in D:\xampp\htdocs\work\bestprice\app\views\layouts\default.ctp on line 6 and defined in [APP\views\helpers\html.php, line 115]
2009-06-14 10:15:17 Warning: Warning (512): Method HtmlHelper::meta does not exist in [CORE\cake\libs\view\helper.php, line 148]
2009-06-14 12:34:23 Warning: Warning (2): Missing argument 1 for HtmlHelper::charset(), called in D:\xampp\htdocs\work\bestprice\app\views\layouts\default.ctp on line 6 and defined in [APP\views\helpers\html.php, line 115]
2009-06-14 12:34:23 Warning: Warning (512): Method HtmlHelper::meta does not exist in [CORE\cake\libs\view\helper.php, line 148]
2009-06-14 12:34:30 Warning: Warning (2): Missing argument 1 for HtmlHelper::charset(), called in D:\xampp\htdocs\work\bestprice\app\views\layouts\default.ctp on line 6 and defined in [APP\views\helpers\html.php, line 115]
2009-06-14 12:34:30 Warning: Warning (512): Method HtmlHelper::meta does not exist in [CORE\cake\libs\view\helper.php, line 148]
2009-06-14 13:40:03 Warning: Warning (2): Invalid argument supplied for foreach() in [APP\views\companies\mycompany.ctp, line 36]
2009-06-14 13:40:03 Warning: Warning (2): Invalid argument supplied for foreach() in [APP\views\companies\mycompany.ctp, line 68]
2009-06-14 13:40:20 Warning: Warning (2): Invalid argument supplied for foreach() in [APP\views\companies\mycompany.ctp, line 36]
2009-06-14 13:40:20 Warning: Warning (2): Invalid argument supplied for foreach() in [APP\views\companies\mycompany.ctp, line 68]
2009-06-14 13:41:11 Warning: Warning (2): Invalid argument supplied for foreach() in [APP\views\companies\mycompany.ctp, line 38]
2009-06-14 13:41:11 Warning: Warning (2): Invalid argument supplied for foreach() in [APP\views\companies\mycompany.ctp, line 70]
2009-06-14 13:42:38 Warning: Warning (2): Invalid argument supplied for foreach() in [APP\views\companies\mycompany.ctp, line 38]
2009-06-14 13:42:38 Warning: Warning (2): Invalid argument supplied for foreach() in [APP\views\companies\mycompany.ctp, line 70]
2009-06-14 13:43:00 Warning: Warning (2): Invalid argument supplied for foreach() in [APP\views\companies\mycompany.ctp, line 38]
2009-06-14 13:43:00 Warning: Warning (2): Invalid argument supplied for foreach() in [APP\views\companies\mycompany.ctp, line 70]
2009-06-14 13:56:28 Warning: Warning (2): Invalid argument supplied for foreach() in [APP\views\companies\mycompany.ctp, line 38]
2009-06-14 13:56:28 Warning: Warning (2): Invalid argument supplied for foreach() in [APP\views\companies\mycompany.ctp, line 70]
2009-06-14 14:00:52 Warning: Warning (2): Invalid argument supplied for foreach() in [APP\views\companies\mycompany.ctp, line 38]
2009-06-14 14:00:52 Warning: Warning (2): Invalid argument supplied for foreach() in [APP\views\companies\mycompany.ctp, line 70]
2009-06-14 14:03:38 Warning: Warning (512): <span style = "color:Red;text-align:left"><b>SQL Error:</b> 1054: Unknown column 'Company.user_id' in 'on clause'</span> in [CORE\cake\libs\model\datasources\dbo_source.php, line 512]
2009-06-14 14:03:38 Warning: Warning (2): Invalid argument supplied for foreach() in [APP\views\companies\mycompany.ctp, line 38]
2009-06-14 14:03:38 Warning: Warning (2): Invalid argument supplied for foreach() in [APP\views\companies\mycompany.ctp, line 70]
2009-06-14 14:04:20 Warning: Warning (512): <span style = "color:Red;text-align:left"><b>SQL Error:</b> 1054: Unknown column 'Company.user_id' in 'on clause'</span> in [CORE\cake\libs\model\datasources\dbo_source.php, line 512]
2009-06-14 14:04:20 Warning: Warning (2): Invalid argument supplied for foreach() in [APP\views\companies\mycompany.ctp, line 38]
2009-06-14 14:04:20 Warning: Warning (2): Invalid argument supplied for foreach() in [APP\views\companies\mycompany.ctp, line 70]
2009-06-14 14:05:45 Warning: Warning (512): <span style = "color:Red;text-align:left"><b>SQL Error:</b> 1054: Unknown column 'Company.user_id' in 'on clause'</span> in [CORE\cake\libs\model\datasources\dbo_source.php, line 512]
2009-06-14 14:06:29 Warning: Warning (512): <span style = "color:Red;text-align:left"><b>SQL Error:</b> 1054: Unknown column 'Company.user_id' in 'on clause'</span> in [CORE\cake\libs\model\datasources\dbo_source.php, line 512]
2009-06-14 14:06:45 Warning: Warning (512): <span style = "color:Red;text-align:left"><b>SQL Error:</b> 1054: Unknown column 'Company.user_id' in 'on clause'</span> in [CORE\cake\libs\model\datasources\dbo_source.php, line 512]
2009-06-14 14:06:48 Warning: Warning (512): <span style = "color:Red;text-align:left"><b>SQL Error:</b> 1054: Unknown column 'Company.user_id' in 'on clause'</span> in [CORE\cake\libs\model\datasources\dbo_source.php, line 512]
2009-06-14 14:08:01 Warning: Warning (512): <span style = "color:Red;text-align:left"><b>SQL Error:</b> 1054: Unknown column 'Company.user_id' in 'on clause'</span> in [CORE\cake\libs\model\datasources\dbo_source.php, line 512]
2009-06-14 14:08:11 Warning: Warning (512): <span style = "color:Red;text-align:left"><b>SQL Error:</b> 1054: Unknown column 'Company.user_id' in 'on clause'</span> in [CORE\cake\libs\model\datasources\dbo_source.php, line 512]
2009-06-14 14:09:50 Warning: Warning (512): <span style = "color:Red;text-align:left"><b>SQL Error:</b> 1054: Unknown column 'Company.user_id' in 'on clause'</span> in [CORE\cake\libs\model\datasources\dbo_source.php, line 512]
2009-06-14 14:10:31 Warning: Warning (512): <span style = "color:Red;text-align:left"><b>SQL Error:</b> 1054: Unknown column 'Company.user_id' in 'on clause'</span> in [CORE\cake\libs\model\datasources\dbo_source.php, line 512]
2009-06-14 14:11:10 Warning: Warning (512): <span style = "color:Red;text-align:left"><b>SQL Error:</b> 1054: Unknown column 'Company.user_id' in 'on clause'</span> in [CORE\cake\libs\model\datasources\dbo_source.php, line 512]
2009-06-14 14:11:14 Warning: Warning (512): <span style = "color:Red;text-align:left"><b>SQL Error:</b> 1054: Unknown column 'Company.user_id' in 'on clause'</span> in [CORE\cake\libs\model\datasources\dbo_source.php, line 512]
2009-06-14 14:11:17 Warning: Warning (512): <span style = "color:Red;text-align:left"><b>SQL Error:</b> 1054: Unknown column 'Company.user_id' in 'on clause'</span> in [CORE\cake\libs\model\datasources\dbo_source.php, line 512]
2009-06-14 14:18:47 Warning: Warning (512): <span style = "color:Red;text-align:left"><b>SQL Error:</b> 1054: Unknown column 'Company.user_id' in 'on clause'</span> in [CORE\cake\libs\model\datasources\dbo_source.php, line 512]
2009-06-14 14:20:33 Warning: Warning (512): <span style = "color:Red;text-align:left"><b>SQL Error:</b> 1054: Unknown column 'Company.user_id' in 'on clause'</span> in [CORE\cake\libs\model\datasources\dbo_source.php, line 512]
2009-06-14 14:20:36 Warning: Warning (512): <span style = "color:Red;text-align:left"><b>SQL Error:</b> 1054: Unknown column 'Company.user_id' in 'on clause'</span> in [CORE\cake\libs\model\datasources\dbo_source.php, line 512]
2009-06-14 14:21:57 Warning: Warning (512): <span style = "color:Red;text-align:left"><b>SQL Error:</b> 1054: Unknown column 'Companies.userid' in 'on clause'</span> in [CORE\cake\libs\model\datasources\dbo_source.php, line 512]
2009-06-14 14:26:17 Warning: Warning (2): Invalid argument supplied for foreach() in [APP\views\companies\mycompany.ctp, line 38]
2009-06-14 14:26:17 Warning: Warning (2): Invalid argument supplied for foreach() in [APP\views\companies\mycompany.ctp, line 70]
2009-06-14 14:26:25 Warning: Warning (2): Invalid argument supplied for foreach() in [APP\views\companies\mycompany.ctp, line 38]
2009-06-14 14:26:25 Warning: Warning (2): Invalid argument supplied for foreach() in [APP\views\companies\mycompany.ctp, line 70]
2009-06-14 14:26:37 Warning: Warning (2): Invalid argument supplied for foreach() in [APP\views\companies\mycompany.ctp, line 38]
2009-06-14 14:26:37 Warning: Warning (2): Invalid argument supplied for foreach() in [APP\views\companies\mycompany.ctp, line 70]
2009-06-14 17:11:14 Warning: Warning (2): Invalid argument supplied for foreach() in [APP\views\companies\mycompany.ctp, line 38]
2009-06-14 17:11:14 Warning: Warning (2): Invalid argument supplied for foreach() in [APP\views\companies\mycompany.ctp, line 58]
2009-06-14 17:11:17 Warning: Warning (2): Invalid argument supplied for foreach() in [APP\views\companies\mycompany.ctp, line 38]
2009-06-14 17:11:17 Warning: Warning (2): Invalid argument supplied for foreach() in [APP\views\companies\mycompany.ctp, line 58]
2009-06-14 17:11:21 Warning: Warning (2): Invalid argument supplied for foreach() in [APP\views\companies\mycompany.ctp, line 38]
2009-06-14 17:11:21 Warning: Warning (2): Invalid argument supplied for foreach() in [APP\views\companies\mycompany.ctp, line 58]
2009-06-14 17:12:07 Warning: Warning (2): Invalid argument supplied for foreach() in [APP\views\companies\mycompany.ctp, line 38]
2009-06-14 17:12:22 Warning: Warning (2): Invalid argument supplied for foreach() in [APP\views\companies\mycompany.ctp, line 36]
2009-06-16 21:30:58 Warning: Warning (512): <span style = "color:Red;text-align:left"><b>SQL Error:</b> 1064: You have an error in your SQL syntax; check the manual that corresponds to your MySQL server version for the right syntax to use near 'checkSession' at line 1</span> in [CORE\cake\libs\model\datasources\dbo_source.php, line 512]
2009-06-16 21:31:28 Warning: Warning (512): <span style = "color:Red;text-align:left"><b>SQL Error:</b> 1064: You have an error in your SQL syntax; check the manual that corresponds to your MySQL server version for the right syntax to use near 'checkUserSession' at line 1</span> in [CORE\cake\libs\model\datasources\dbo_source.php, line 512]
2009-06-16 21:32:55 Warning: Warning (512): <span style = "color:Red;text-align:left"><b>SQL Error:</b> 1064: You have an error in your SQL syntax; check the manual that corresponds to your MySQL server version for the right syntax to use near 'checkUserSession' at line 1</span> in [CORE\cake\libs\model\datasources\dbo_source.php, line 512]
2009-06-16 21:33:00 Warning: Warning (512): <span style = "color:Red;text-align:left"><b>SQL Error:</b> 1064: You have an error in your SQL syntax; check the manual that corresponds to your MySQL server version for the right syntax to use near 'checkUserSession' at line 1</span> in [CORE\cake\libs\model\datasources\dbo_source.php, line 512]
2009-06-16 21:44:37 Warning: Warning (512): <span style = "color:Red;text-align:left"><b>SQL Error:</b> 1064: You have an error in your SQL syntax; check the manual that corresponds to your MySQL server version for the right syntax to use near 'checkUserSession' at line 1</span> in [CORE\cake\libs\model\datasources\dbo_source.php, line 512]
2009-06-16 21:50:30 Warning: Warning (512): <span style = "color:Red;text-align:left"><b>SQL Error:</b> 1064: You have an error in your SQL syntax; check the manual that corresponds to your MySQL server version for the right syntax to use near 'checkUserSession' at line 1</span> in [CORE\cake\libs\model\datasources\dbo_source.php, line 512]
2009-06-16 21:52:33 Warning: Warning (512): <span style = "color:Red;text-align:left"><b>SQL Error:</b> 1064: You have an error in your SQL syntax; check the manual that corresponds to your MySQL server version for the right syntax to use near 'checkIfLogged' at line 1</span> in [CORE\cake\libs\model\datasources\dbo_source.php, line 512]
2009-07-01 23:34:51 Warning: Warning (2): Cannot modify header information - headers already sent by (output started at D:\xampp\htdocs\work\bestprice\app\controllers\companies_controller.php:1) in [CORE\cake\libs\controller\controller.php, line 577]
2009-07-01 23:59:36 Warning: Warning (2): Cannot modify header information - headers already sent by (output started at D:\xampp\htdocs\work\bestprice\app\controllers\companies_controller.php:1) in [CORE\cake\libs\controller\controller.php, line 577]
2009-07-02 00:00:16 Warning: Warning (2): Cannot modify header information - headers already sent by (output started at D:\xampp\htdocs\work\bestprice\app\controllers\companies_controller.php:1) in [CORE\cake\libs\controller\controller.php, line 577]
2009-07-04 15:50:07 Warning: Warning (512): <span style = "color:Red;text-align:left"><b>SQL Error:</b> 1064: You have an error in your SQL syntax; check the manual that corresponds to your MySQL server version for the right syntax to use near '' at line 1</span> in [CORE\cake\libs\model\datasources\dbo_source.php, line 512]
2009-07-04 15:51:36 Warning: Warning (512): <span style = "color:Red;text-align:left"><b>SQL Error:</b> 1064: You have an error in your SQL syntax; check the manual that corresponds to your MySQL server version for the right syntax to use near '3)' at line 1</span> in [CORE\cake\libs\model\datasources\dbo_source.php, line 512]
2009-07-16 18:49:22 Warning: Warning (512): <span style = "color:Red;text-align:left"><b>SQL Error:</b> 1054: Unknown column 'company_id' in 'where clause'</span> in [CORE\cake\libs\model\datasources\dbo_source.php, line 512]
2009-07-16 19:39:17 Warning: Warning (2): Cannot modify header information - headers already sent by (output started at C:\Program Files\xampp\htdocs\bestprice\app\controllers\companies_controller.php:1) in [CORE\cake\libs\controller\controller.php, line 577]
2009-07-16 19:40:22 Warning: Warning (2): Cannot modify header information - headers already sent by (output started at C:\Program Files\xampp\htdocs\bestprice\app\controllers\companies_controller.php:1) in [CORE\cake\libs\controller\controller.php, line 577]
2009-07-16 19:41:34 Warning: Warning (2): Cannot modify header information - headers already sent by (output started at C:\Program Files\xampp\htdocs\bestprice\app\controllers\companies_controller.php:1) in [CORE\cake\libs\controller\controller.php, line 577]
2009-07-16 19:41:35 Warning: Warning (2): Cannot modify header information - headers already sent by (output started at C:\Program Files\xampp\htdocs\bestprice\app\controllers\companies_controller.php:1) in [CORE\cake\libs\controller\controller.php, line 577]
2009-07-16 19:41:35 Warning: Warning (2): Cannot modify header information - headers already sent by (output started at C:\Program Files\xampp\htdocs\bestprice\app\controllers\companies_controller.php:1) in [CORE\cake\libs\controller\controller.php, line 577]
2009-07-16 19:41:35 Warning: Warning (2): Cannot modify header information - headers already sent by (output started at C:\Program Files\xampp\htdocs\bestprice\app\controllers\companies_controller.php:1) in [CORE\cake\libs\controller\controller.php, line 577]
2009-07-16 19:42:57 Warning: Warning (2): Cannot modify header information - headers already sent by (output started at C:\Program Files\xampp\htdocs\bestprice\app\controllers\companies_controller.php:1) in [CORE\cake\libs\controller\controller.php, line 577]
2009-07-16 19:42:58 Warning: Warning (2): Cannot modify header information - headers already sent by (output started at C:\Program Files\xampp\htdocs\bestprice\app\controllers\companies_controller.php:1) in [CORE\cake\libs\controller\controller.php, line 577]
2009-07-16 19:42:59 Warning: Warning (2): Cannot modify header information - headers already sent by (output started at C:\Program Files\xampp\htdocs\bestprice\app\controllers\companies_controller.php:1) in [CORE\cake\libs\controller\controller.php, line 577]
2009-09-16 11:27:07 Warning: Warning (512): <span style = "color:Red;text-align:left"><b>SQL Error:</b> 1054: Unknown column 'user.id' in 'on clause'</span> in [CORE\cake\libs\model\datasources\dbo_source.php, line 512]
2009-09-16 11:27:07 Warning: Warning (512): <span style = "color:Red;text-align:left"><b>SQL Error:</b> 1054: Unknown column 'user.id' in 'on clause'</span> in [CORE\cake\libs\model\datasources\dbo_source.php, line 512]
2009-09-16 11:34:43 Warning: Warning (512): <span style = "color:Red;text-align:left"><b>SQL Error:</b> 1054: Unknown column 'user.id' in 'where clause'</span> in [CORE\cake\libs\model\datasources\dbo_source.php, line 512]
2009-09-16 11:34:44 Warning: Warning (512): <span style = "color:Red;text-align:left"><b>SQL Error:</b> 1054: Unknown column 'user.id' in 'where clause'</span> in [CORE\cake\libs\model\datasources\dbo_source.php, line 512]
2009-09-16 11:35:01 Warning: Warning (512): <span style = "color:Red;text-align:left"><b>SQL Error:</b> 1054: Unknown column 'user.id' in 'where clause'</span> in [CORE\cake\libs\model\datasources\dbo_source.php, line 512]
2009-09-16 11:35:01 Warning: Warning (512): <span style = "color:Red;text-align:left"><b>SQL Error:</b> 1054: Unknown column 'user.id' in 'where clause'</span> in [CORE\cake\libs\model\datasources\dbo_source.php, line 512]
2009-09-16 11:39:21 Warning: Warning (512): <span style = "color:Red;text-align:left"><b>SQL Error:</b> 1054: Unknown column 'Company.id' in 'where clause'</span> in [CORE\cake\libs\model\datasources\dbo_source.php, line 512]
2009-09-16 11:39:21 Warning: Warning (512): <span style = "color:Red;text-align:left"><b>SQL Error:</b> 1054: Unknown column 'Company.id' in 'where clause'</span> in [CORE\cake\libs\model\datasources\dbo_source.php, line 512]
2009-09-16 11:40:15 Warning: Warning (512): <span style = "color:Red;text-align:left"><b>SQL Error:</b> 1054: Unknown column 'Company.id' in 'where clause'</span> in [CORE\cake\libs\model\datasources\dbo_source.php, line 512]
2009-09-16 11:40:16 Warning: Warning (512): <span style = "color:Red;text-align:left"><b>SQL Error:</b> 1054: Unknown column 'Company.id' in 'where clause'</span> in [CORE\cake\libs\model\datasources\dbo_source.php, line 512]
2009-09-16 11:40:40 Warning: Warning (512): <span style = "color:Red;text-align:left"><b>SQL Error:</b> 1054: Unknown column 'Company.id' in 'where clause'</span> in [CORE\cake\libs\model\datasources\dbo_source.php, line 512]
2009-09-16 11:40:41 Warning: Warning (512): <span style = "color:Red;text-align:left"><b>SQL Error:</b> 1054: Unknown column 'Company.id' in 'where clause'</span> in [CORE\cake\libs\model\datasources\dbo_source.php, line 512]
2009-09-16 11:41:45 Warning: Warning (512): <span style = "color:Red;text-align:left"><b>SQL Error:</b> 1054: Unknown column 'Users.id' in 'where clause'</span> in [CORE\cake\libs\model\datasources\dbo_source.php, line 512]
2009-09-16 11:41:45 Warning: Warning (512): <span style = "color:Red;text-align:left"><b>SQL Error:</b> 1054: Unknown column 'Users.id' in 'where clause'</span> in [CORE\cake\libs\model\datasources\dbo_source.php, line 512]
2009-09-16 11:42:00 Warning: Warning (512): <span style = "color:Red;text-align:left"><b>SQL Error:</b> 1054: Unknown column 'Users.id' in 'where clause'</span> in [CORE\cake\libs\model\datasources\dbo_source.php, line 512]
2009-09-16 11:42:00 Warning: Warning (512): <span style = "color:Red;text-align:left"><b>SQL Error:</b> 1054: Unknown column 'Users.id' in 'where clause'</span> in [CORE\cake\libs\model\datasources\dbo_source.php, line 512]
2009-09-16 11:43:46 Warning: Warning (512): <span style = "color:Red;text-align:left"><b>SQL Error:</b> 1054: Unknown column 'User.3' in 'field list'</span> in [CORE\cake\libs\model\datasources\dbo_source.php, line 512]
2009-09-16 11:43:47 Warning: Warning (512): <span style = "color:Red;text-align:left"><b>SQL Error:</b> 1054: Unknown column 'User.3' in 'field list'</span> in [CORE\cake\libs\model\datasources\dbo_source.php, line 512]
2009-09-16 11:51:54 Warning: Warning (512): <span style = "color:Red;text-align:left"><b>SQL Error:</b> 1054: Unknown column 'Company.id' in 'where clause'</span> in [CORE\cake\libs\model\datasources\dbo_source.php, line 512]
2009-09-16 11:51:54 Warning: Warning (512): <span style = "color:Red;text-align:left"><b>SQL Error:</b> 1054: Unknown column 'Company.id' in 'where clause'</span> in [CORE\cake\libs\model\datasources\dbo_source.php, line 512]
2009-09-16 11:52:05 Warning: Warning (512): <span style = "color:Red;text-align:left"><b>SQL Error:</b> 1054: Unknown column 'Company.id' in 'where clause'</span> in [CORE\cake\libs\model\datasources\dbo_source.php, line 512]
2009-09-16 11:52:05 Warning: Warning (512): <span style = "color:Red;text-align:left"><b>SQL Error:</b> 1054: Unknown column 'Company.id' in 'where clause'</span> in [CORE\cake\libs\model\datasources\dbo_source.php, line 512]
2009-09-16 11:55:40 Warning: Warning (512): <span style = "color:Red;text-align:left"><b>SQL Error:</b> 1054: Unknown column 'Company.user_id' in 'where clause'</span> in [CORE\cake\libs\model\datasources\dbo_source.php, line 512]
2009-09-16 11:55:41 Warning: Warning (512): <span style = "color:Red;text-align:left"><b>SQL Error:</b> 1054: Unknown column 'Company.user_id' in 'where clause'</span> in [CORE\cake\libs\model\datasources\dbo_source.php, line 512]
2009-09-16 12:04:19 Warning: Warning (512): <span style = "color:Red;text-align:left"><b>SQL Error:</b> 1054: Unknown column 'img' in 'where clause'</span> in [CORE\cake\libs\model\datasources\dbo_source.php, line 512]
2009-09-16 12:04:20 Warning: Warning (512): <span style = "color:Red;text-align:left"><b>SQL Error:</b> 1054: Unknown column 'img' in 'where clause'</span> in [CORE\cake\libs\model\datasources\dbo_source.php, line 512]
2009-09-16 14:05:00 Warning: Warning (512): Method HtmlHelper::file does not exist in [CORE\cake\libs\view\helper.php, line 148]
2009-09-16 14:06:07 Warning: Warning (512): Method HtmlHelper::file does not exist in [CORE\cake\libs\view\helper.php, line 148]
2009-09-16 14:06:09 Warning: Warning (512): Method HtmlHelper::file does not exist in [CORE\cake\libs\view\helper.php, line 148]
2009-09-16 14:06:16 Warning: Warning (512): Method HtmlHelper::file does not exist in [CORE\cake\libs\view\helper.php, line 148]
2009-09-16 14:06:17 Warning: Warning (512): Method HtmlHelper::file does not exist in [CORE\cake\libs\view\helper.php, line 148]
2009-09-16 14:07:15 Warning: Warning (512): Method HtmlHelper::file does not exist in [CORE\cake\libs\view\helper.php, line 148]
2009-09-16 14:07:51 Warning: Warning (512): Method HtmlHelper::file does not exist in [CORE\cake\libs\view\helper.php, line 148]
2009-09-16 14:07:53 Warning: Warning (512): Method HtmlHelper::file does not exist in [CORE\cake\libs\view\helper.php, line 148]
2009-09-16 14:07:54 Warning: Warning (512): Method HtmlHelper::file does not exist in [CORE\cake\libs\view\helper.php, line 148]
2009-09-16 14:17:07 Warning: Warning (2): getimagesize(i) [<a href='http://php.net/function.getimagesize'>function.getimagesize</a>]: failed to open stream: No such file or directory in [APP\controllers\components\upload.php, line 48]
2009-09-16 14:17:07 Warning: Warning (2): Division by zero in [APP\controllers\components\upload.php, line 49]
2009-09-16 14:17:07 Warning: Warning (2): imagecreatetruecolor() [<a href='http://php.net/function.imagecreatetruecolor'>function.imagecreatetruecolor</a>]: Invalid image dimensions in [APP\controllers\components\upload.php, line 57]
2009-09-16 14:17:07 Warning: Warning (2): imagecreatefromjpeg(i) [<a href='http://php.net/function.imagecreatefromjpeg'>function.imagecreatefromjpeg</a>]: failed to open stream: No such file or directory in [APP\controllers\components\upload.php, line 58]
2009-09-16 14:17:07 Warning: Warning (2): imagecopyresized(): supplied argument is not a valid Image resource in [APP\controllers\components\upload.php, line 59]
2009-09-16 14:17:07 Warning: Warning (2): imagejpeg(): supplied argument is not a valid Image resource in [APP\controllers\components\upload.php, line 60]
2009-09-16 14:17:53 Warning: Warning (2): getimagesize(i) [<a href='http://php.net/function.getimagesize'>function.getimagesize</a>]: failed to open stream: No such file or directory in [APP\controllers\components\upload.php, line 48]
2009-09-16 14:17:53 Warning: Warning (2): Division by zero in [APP\controllers\components\upload.php, line 49]
2009-09-16 14:17:53 Warning: Warning (2): imagecreatetruecolor() [<a href='http://php.net/function.imagecreatetruecolor'>function.imagecreatetruecolor</a>]: Invalid image dimensions in [APP\controllers\components\upload.php, line 57]
2009-09-16 14:17:53 Warning: Warning (2): imagecreatefromjpeg(i) [<a href='http://php.net/function.imagecreatefromjpeg'>function.imagecreatefromjpeg</a>]: failed to open stream: No such file or directory in [APP\controllers\components\upload.php, line 58]
2009-09-16 14:17:53 Warning: Warning (2): imagecopyresized(): supplied argument is not a valid Image resource in [APP\controllers\components\upload.php, line 59]
2009-09-16 14:17:53 Warning: Warning (2): imagejpeg(): supplied argument is not a valid Image resource in [APP\controllers\components\upload.php, line 60]
2009-09-16 14:18:06 Warning: Warning (2): getimagesize(i) [<a href='http://php.net/function.getimagesize'>function.getimagesize</a>]: failed to open stream: No such file or directory in [APP\controllers\components\upload.php, line 48]
2009-09-16 14:18:06 Warning: Warning (2): Division by zero in [APP\controllers\components\upload.php, line 49]
2009-09-16 14:18:06 Warning: Warning (2): imagecreatetruecolor() [<a href='http://php.net/function.imagecreatetruecolor'>function.imagecreatetruecolor</a>]: Invalid image dimensions in [APP\controllers\components\upload.php, line 57]
2009-09-16 14:18:06 Warning: Warning (2): imagecreatefromjpeg(i) [<a href='http://php.net/function.imagecreatefromjpeg'>function.imagecreatefromjpeg</a>]: failed to open stream: No such file or directory in [APP\controllers\components\upload.php, line 58]
2009-09-16 14:18:06 Warning: Warning (2): imagecopyresized(): supplied argument is not a valid Image resource in [APP\controllers\components\upload.php, line 59]
2009-09-16 14:18:06 Warning: Warning (2): imagejpeg(): supplied argument is not a valid Image resource in [APP\controllers\components\upload.php, line 60]
2009-09-18 13:40:01 Warning: Warning (512): <span style = "color:Red;text-align:left"><b>SQL Error:</b> 1146: Table 'bestprice.Favourits' doesn't exist</span> in [CORE/cake/libs/model/datasources/dbo_source.php, line 512]
2009-09-18 13:40:01 Warning: Warning (2): Invalid argument supplied for foreach() in [CORE/cake/libs/model/datasources/dbo/dbo_mysql.php, line 192]
2009-09-18 13:40:01 Warning: Warning (2): array_keys() [<a href='http://php.net/function.array-keys'>function.array-keys</a>]: The first argument should be an array in [CORE/cake/libs/model/model.php, line 2501]
2009-09-18 13:40:01 Warning: Warning (512): <span style = "color:Red;text-align:left"><b>SQL Error:</b> 1146: Table 'bestprice.Favourits' doesn't exist</span> in [CORE/cake/libs/model/datasources/dbo_source.php, line 512]
2009-09-18 13:40:01 Warning: Warning (2): Invalid argument supplied for foreach() in [CORE/cake/libs/model/datasources/dbo/dbo_mysql.php, line 192]
2009-09-18 13:40:02 Warning: Warning (2): array_keys() [<a href='http://php.net/function.array-keys'>function.array-keys</a>]: The first argument should be an array in [CORE/cake/libs/model/model.php, line 2501]
2009-09-18 13:40:21 Warning: Warning (512): <span style = "color:Red;text-align:left"><b>SQL Error:</b> 1146: Table 'bestprice.Favourits' doesn't exist</span> in [CORE/cake/libs/model/datasources/dbo_source.php, line 512]
2009-09-18 13:40:21 Warning: Warning (2): Invalid argument supplied for foreach() in [CORE/cake/libs/model/datasources/dbo/dbo_mysql.php, line 192]
2009-09-18 13:40:21 Warning: Warning (2): array_keys() [<a href='http://php.net/function.array-keys'>function.array-keys</a>]: The first argument should be an array in [CORE/cake/libs/model/model.php, line 2501]
2009-09-18 13:40:24 Warning: Warning (512): <span style = "color:Red;text-align:left"><b>SQL Error:</b> 1146: Table 'bestprice.Favourits' doesn't exist</span> in [CORE/cake/libs/model/datasources/dbo_source.php, line 512]
2009-09-18 13:40:24 Warning: Warning (2): Invalid argument supplied for foreach() in [CORE/cake/libs/model/datasources/dbo/dbo_mysql.php, line 192]
2009-09-18 13:40:24 Warning: Warning (2): array_keys() [<a href='http://php.net/function.array-keys'>function.array-keys</a>]: The first argument should be an array in [CORE/cake/libs/model/model.php, line 2501]
2009-09-18 13:40:25 Warning: Warning (512): <span style = "color:Red;text-align:left"><b>SQL Error:</b> 1146: Table 'bestprice.Favourits' doesn't exist</span> in [CORE/cake/libs/model/datasources/dbo_source.php, line 512]
2009-09-18 13:40:25 Warning: Warning (2): Invalid argument supplied for foreach() in [CORE/cake/libs/model/datasources/dbo/dbo_mysql.php, line 192]
2009-09-18 13:40:25 Warning: Warning (2): array_keys() [<a href='http://php.net/function.array-keys'>function.array-keys</a>]: The first argument should be an array in [CORE/cake/libs/model/model.php, line 2501]
2009-09-18 13:40:25 Warning: Warning (512): <span style = "color:Red;text-align:left"><b>SQL Error:</b> 1146: Table 'bestprice.Favourits' doesn't exist</span> in [CORE/cake/libs/model/datasources/dbo_source.php, line 512]
2009-09-18 13:40:25 Warning: Warning (2): Invalid argument supplied for foreach() in [CORE/cake/libs/model/datasources/dbo/dbo_mysql.php, line 192]
2009-09-18 13:40:25 Warning: Warning (2): array_keys() [<a href='http://php.net/function.array-keys'>function.array-keys</a>]: The first argument should be an array in [CORE/cake/libs/model/model.php, line 2501]
2009-09-18 13:42:13 Warning: Warning (2): mysql_connect() [<a href='http://php.net/function.mysql-connect'>function.mysql-connect</a>]: Access denied for user 'root'@'localhost' (using password: YES) in [CORE/cake/libs/model/datasources/dbo/dbo_mysql.php, line 117]
2009-09-18 13:42:13 Warning: Warning (2): mysql_select_db(): supplied argument is not a valid MySQL-Link resource in [CORE/cake/libs/model/datasources/dbo/dbo_mysql.php, line 122]
2009-09-18 13:42:13 Warning: Warning (2): mysql_get_server_info(): supplied argument is not a valid MySQL-Link resource in [CORE/cake/libs/model/datasources/dbo/dbo_mysql.php, line 130]
2009-09-18 13:42:13 Warning: Warning (2): mysql_query(): supplied argument is not a valid MySQL-Link resource in [CORE/cake/libs/model/datasources/dbo/dbo_mysql.php, line 152]
2009-09-18 13:42:23 Warning: Warning (512): <span style = "color:Red;text-align:left"><b>SQL Error:</b> 1146: Table 'bestprice.Favourits' doesn't exist</span> in [CORE/cake/libs/model/datasources/dbo_source.php, line 512]
2009-09-18 13:42:23 Warning: Warning (2): Invalid argument supplied for foreach() in [CORE/cake/libs/model/datasources/dbo/dbo_mysql.php, line 192]
2009-09-18 13:42:23 Warning: Warning (2): array_keys() [<a href='http://php.net/function.array-keys'>function.array-keys</a>]: The first argument should be an array in [CORE/cake/libs/model/model.php, line 2501]
2009-09-18 13:43:18 Warning: Warning (512): <span style = "color:Red;text-align:left"><b>SQL Error:</b> 1146: Table 'bestprice.Favourits' doesn't exist</span> in [CORE/cake/libs/model/datasources/dbo_source.php, line 512]
2009-09-18 13:43:18 Warning: Warning (2): Invalid argument supplied for foreach() in [CORE/cake/libs/model/datasources/dbo/dbo_mysql.php, line 192]
2009-09-18 13:43:18 Warning: Warning (2): array_keys() [<a href='http://php.net/function.array-keys'>function.array-keys</a>]: The first argument should be an array in [CORE/cake/libs/model/model.php, line 2501]
2009-09-18 13:43:31 Warning: Warning (512): <span style = "color:Red;text-align:left"><b>SQL Error:</b> 1146: Table 'bestprice.Favourits' doesn't exist</span> in [CORE/cake/libs/model/datasources/dbo_source.php, line 512]
2009-09-18 13:43:31 Warning: Warning (2): Invalid argument supplied for foreach() in [CORE/cake/libs/model/datasources/dbo/dbo_mysql.php, line 192]
2009-09-18 13:43:31 Warning: Warning (2): array_keys() [<a href='http://php.net/function.array-keys'>function.array-keys</a>]: The first argument should be an array in [CORE/cake/libs/model/model.php, line 2501]
2009-09-18 13:43:32 Warning: Warning (512): <span style = "color:Red;text-align:left"><b>SQL Error:</b> 1146: Table 'bestprice.Favourits' doesn't exist</span> in [CORE/cake/libs/model/datasources/dbo_source.php, line 512]
2009-09-18 13:43:32 Warning: Warning (2): Invalid argument supplied for foreach() in [CORE/cake/libs/model/datasources/dbo/dbo_mysql.php, line 192]
2009-09-18 13:43:32 Warning: Warning (2): array_keys() [<a href='http://php.net/function.array-keys'>function.array-keys</a>]: The first argument should be an array in [CORE/cake/libs/model/model.php, line 2501]
2009-09-18 13:43:48 Warning: Warning (512): <span style = "color:Red;text-align:left"><b>SQL Error:</b> 1146: Table 'bestprice.Favourits' doesn't exist</span> in [CORE/cake/libs/model/datasources/dbo_source.php, line 512]
2009-09-18 13:43:48 Warning: Warning (2): Invalid argument supplied for foreach() in [CORE/cake/libs/model/datasources/dbo/dbo_mysql.php, line 192]
2009-09-18 13:43:48 Warning: Warning (2): array_keys() [<a href='http://php.net/function.array-keys'>function.array-keys</a>]: The first argument should be an array in [CORE/cake/libs/model/model.php, line 2501]
2009-09-18 13:43:53 Warning: Warning (512): <span style = "color:Red;text-align:left"><b>SQL Error:</b> 1146: Table 'bestprice.Favourits' doesn't exist</span> in [CORE/cake/libs/model/datasources/dbo_source.php, line 512]
2009-09-18 13:43:53 Warning: Warning (2): Invalid argument supplied for foreach() in [CORE/cake/libs/model/datasources/dbo/dbo_mysql.php, line 192]
2009-09-18 13:43:53 Warning: Warning (2): array_keys() [<a href='http://php.net/function.array-keys'>function.array-keys</a>]: The first argument should be an array in [CORE/cake/libs/model/model.php, line 2501]
2009-09-18 13:43:57 Warning: Warning (512): <span style = "color:Red;text-align:left"><b>SQL Error:</b> 1146: Table 'bestprice.Favourits' doesn't exist</span> in [CORE/cake/libs/model/datasources/dbo_source.php, line 512]
2009-09-18 13:43:57 Warning: Warning (2): Invalid argument supplied for foreach() in [CORE/cake/libs/model/datasources/dbo/dbo_mysql.php, line 192]
2009-09-18 13:43:57 Warning: Warning (2): array_keys() [<a href='http://php.net/function.array-keys'>function.array-keys</a>]: The first argument should be an array in [CORE/cake/libs/model/model.php, line 2501]
2009-09-18 13:43:59 Warning: Warning (512): <span style = "color:Red;text-align:left"><b>SQL Error:</b> 1146: Table 'bestprice.Favourits' doesn't exist</span> in [CORE/cake/libs/model/datasources/dbo_source.php, line 512]
2009-09-18 13:43:59 Warning: Warning (2): Invalid argument supplied for foreach() in [CORE/cake/libs/model/datasources/dbo/dbo_mysql.php, line 192]
2009-09-18 13:43:59 Warning: Warning (2): array_keys() [<a href='http://php.net/function.array-keys'>function.array-keys</a>]: The first argument should be an array in [CORE/cake/libs/model/model.php, line 2501]
2009-09-18 13:43:59 Warning: Warning (512): <span style = "color:Red;text-align:left"><b>SQL Error:</b> 1146: Table 'bestprice.Favourits' doesn't exist</span> in [CORE/cake/libs/model/datasources/dbo_source.php, line 512]
2009-09-18 13:43:59 Warning: Warning (2): Invalid argument supplied for foreach() in [CORE/cake/libs/model/datasources/dbo/dbo_mysql.php, line 192]
2009-09-18 13:43:59 Warning: Warning (2): array_keys() [<a href='http://php.net/function.array-keys'>function.array-keys</a>]: The first argument should be an array in [CORE/cake/libs/model/model.php, line 2501]
2009-09-18 13:44:00 Warning: Warning (512): <span style = "color:Red;text-align:left"><b>SQL Error:</b> 1146: Table 'bestprice.Favourits' doesn't exist</span> in [CORE/cake/libs/model/datasources/dbo_source.php, line 512]
2009-09-18 13:44:00 Warning: Warning (2): Invalid argument supplied for foreach() in [CORE/cake/libs/model/datasources/dbo/dbo_mysql.php, line 192]
2009-09-18 13:44:00 Warning: Warning (2): array_keys() [<a href='http://php.net/function.array-keys'>function.array-keys</a>]: The first argument should be an array in [CORE/cake/libs/model/model.php, line 2501]
2009-09-18 13:44:49 Warning: Warning (512): <span style = "color:Red;text-align:left"><b>SQL Error:</b> 1146: Table 'bestprice.Favourits' doesn't exist</span> in [CORE/cake/libs/model/datasources/dbo_source.php, line 512]
2009-09-18 13:44:49 Warning: Warning (2): Invalid argument supplied for foreach() in [CORE/cake/libs/model/datasources/dbo/dbo_mysql.php, line 192]
2009-09-18 13:44:49 Warning: Warning (2): array_keys() [<a href='http://php.net/function.array-keys'>function.array-keys</a>]: The first argument should be an array in [CORE/cake/libs/model/model.php, line 2501]
2009-09-18 13:44:49 Warning: Warning (512): <span style = "color:Red;text-align:left"><b>SQL Error:</b> 1146: Table 'bestprice.Favourits' doesn't exist</span> in [CORE/cake/libs/model/datasources/dbo_source.php, line 512]
2009-09-18 13:44:49 Warning: Warning (2): Invalid argument supplied for foreach() in [CORE/cake/libs/model/datasources/dbo/dbo_mysql.php, line 192]
2009-09-18 13:44:49 Warning: Warning (2): array_keys() [<a href='http://php.net/function.array-keys'>function.array-keys</a>]: The first argument should be an array in [CORE/cake/libs/model/model.php, line 2501]
2009-09-18 13:45:01 Warning: Warning (512): <span style = "color:Red;text-align:left"><b>SQL Error:</b> 1146: Table 'bestprice.Favourits' doesn't exist</span> in [CORE/cake/libs/model/datasources/dbo_source.php, line 512]
2009-09-18 13:45:01 Warning: Warning (2): Invalid argument supplied for foreach() in [CORE/cake/libs/model/datasources/dbo/dbo_mysql.php, line 192]
2009-09-18 13:45:01 Warning: Warning (2): array_keys() [<a href='http://php.net/function.array-keys'>function.array-keys</a>]: The first argument should be an array in [CORE/cake/libs/model/model.php, line 2501]
2009-09-18 13:45:01 Warning: Warning (512): <span style = "color:Red;text-align:left"><b>SQL Error:</b> 1146: Table 'bestprice.Favourits' doesn't exist</span> in [CORE/cake/libs/model/datasources/dbo_source.php, line 512]
2009-09-18 13:45:01 Warning: Warning (2): Invalid argument supplied for foreach() in [CORE/cake/libs/model/datasources/dbo/dbo_mysql.php, line 192]
2009-09-18 13:45:01 Warning: Warning (2): array_keys() [<a href='http://php.net/function.array-keys'>function.array-keys</a>]: The first argument should be an array in [CORE/cake/libs/model/model.php, line 2501]
2009-09-18 13:45:09 Warning: Warning (512): <span style = "color:Red;text-align:left"><b>SQL Error:</b> 1146: Table 'bestprice.Favourits' doesn't exist</span> in [CORE/cake/libs/model/datasources/dbo_source.php, line 512]
2009-09-18 13:45:09 Warning: Warning (2): Invalid argument supplied for foreach() in [CORE/cake/libs/model/datasources/dbo/dbo_mysql.php, line 192]
2009-09-18 13:45:09 Warning: Warning (2): array_keys() [<a href='http://php.net/function.array-keys'>function.array-keys</a>]: The first argument should be an array in [CORE/cake/libs/model/model.php, line 2501]
2009-09-18 13:45:09 Warning: Warning (512): <span style = "color:Red;text-align:left"><b>SQL Error:</b> 1146: Table 'bestprice.Favourits' doesn't exist</span> in [CORE/cake/libs/model/datasources/dbo_source.php, line 512]
2009-09-18 13:45:09 Warning: Warning (2): Invalid argument supplied for foreach() in [CORE/cake/libs/model/datasources/dbo/dbo_mysql.php, line 192]
2009-09-18 13:45:09 Warning: Warning (2): array_keys() [<a href='http://php.net/function.array-keys'>function.array-keys</a>]: The first argument should be an array in [CORE/cake/libs/model/model.php, line 2501]
2009-09-18 13:45:10 Warning: Warning (512): <span style = "color:Red;text-align:left"><b>SQL Error:</b> 1146: Table 'bestprice.Favourits' doesn't exist</span> in [CORE/cake/libs/model/datasources/dbo_source.php, line 512]
2009-09-18 13:45:10 Warning: Warning (2): Invalid argument supplied for foreach() in [CORE/cake/libs/model/datasources/dbo/dbo_mysql.php, line 192]
2009-09-18 13:45:10 Warning: Warning (2): array_keys() [<a href='http://php.net/function.array-keys'>function.array-keys</a>]: The first argument should be an array in [CORE/cake/libs/model/model.php, line 2501]
2009-09-18 13:45:10 Warning: Warning (512): <span style = "color:Red;text-align:left"><b>SQL Error:</b> 1146: Table 'bestprice.Favourits' doesn't exist</span> in [CORE/cake/libs/model/datasources/dbo_source.php, line 512]
2009-09-18 13:45:10 Warning: Warning (2): Invalid argument supplied for foreach() in [CORE/cake/libs/model/datasources/dbo/dbo_mysql.php, line 192]
2009-09-18 13:45:11 Warning: Warning (2): array_keys() [<a href='http://php.net/function.array-keys'>function.array-keys</a>]: The first argument should be an array in [CORE/cake/libs/model/model.php, line 2501]
2009-09-18 13:45:11 Warning: Warning (512): <span style = "color:Red;text-align:left"><b>SQL Error:</b> 1146: Table 'bestprice.Favourits' doesn't exist</span> in [CORE/cake/libs/model/datasources/dbo_source.php, line 512]
2009-09-18 13:45:11 Warning: Warning (2): Invalid argument supplied for foreach() in [CORE/cake/libs/model/datasources/dbo/dbo_mysql.php, line 192]
2009-09-18 13:45:11 Warning: Warning (2): array_keys() [<a href='http://php.net/function.array-keys'>function.array-keys</a>]: The first argument should be an array in [CORE/cake/libs/model/model.php, line 2501]
2009-09-18 13:46:53 Warning: Warning (512): <span style = "color:Red;text-align:left"><b>SQL Error:</b> 1146: Table 'bestprice.Favourits' doesn't exist</span> in [CORE/cake/libs/model/datasources/dbo_source.php, line 512]
2009-09-18 13:46:53 Warning: Warning (2): Invalid argument supplied for foreach() in [CORE/cake/libs/model/datasources/dbo/dbo_mysql.php, line 192]
2009-09-18 13:46:53 Warning: Warning (2): array_keys() [<a href='http://php.net/function.array-keys'>function.array-keys</a>]: The first argument should be an array in [CORE/cake/libs/model/model.php, line 2501]
2009-09-18 13:46:57 Warning: Warning (512): <span style = "color:Red;text-align:left"><b>SQL Error:</b> 1146: Table 'bestprice.Favourits' doesn't exist</span> in [CORE/cake/libs/model/datasources/dbo_source.php, line 512]
2009-09-18 13:46:57 Warning: Warning (2): Invalid argument supplied for foreach() in [CORE/cake/libs/model/datasources/dbo/dbo_mysql.php, line 192]
2009-09-18 13:46:57 Warning: Warning (2): array_keys() [<a href='http://php.net/function.array-keys'>function.array-keys</a>]: The first argument should be an array in [CORE/cake/libs/model/model.php, line 2501]
2009-09-18 13:46:59 Warning: Warning (512): <span style = "color:Red;text-align:left"><b>SQL Error:</b> 1146: Table 'bestprice.Favourits' doesn't exist</span> in [CORE/cake/libs/model/datasources/dbo_source.php, line 512]
2009-09-18 13:46:59 Warning: Warning (2): Invalid argument supplied for foreach() in [CORE/cake/libs/model/datasources/dbo/dbo_mysql.php, line 192]
2009-09-18 13:46:59 Warning: Warning (2): array_keys() [<a href='http://php.net/function.array-keys'>function.array-keys</a>]: The first argument should be an array in [CORE/cake/libs/model/model.php, line 2501]
2009-09-18 13:46:59 Warning: Warning (512): <span style = "color:Red;text-align:left"><b>SQL Error:</b> 1146: Table 'bestprice.Favourits' doesn't exist</span> in [CORE/cake/libs/model/datasources/dbo_source.php, line 512]
2009-09-18 13:46:59 Warning: Warning (2): Invalid argument supplied for foreach() in [CORE/cake/libs/model/datasources/dbo/dbo_mysql.php, line 192]
2009-09-18 13:46:59 Warning: Warning (2): array_keys() [<a href='http://php.net/function.array-keys'>function.array-keys</a>]: The first argument should be an array in [CORE/cake/libs/model/model.php, line 2501]
2009-09-18 13:57:34 Warning: Warning (512): <span style = "color:Red;text-align:left"><b>SQL Error:</b> 1146: Table 'bestprice.Favourits' doesn't exist</span> in [CORE/cake/libs/model/datasources/dbo_source.php, line 512]
2009-09-18 13:57:34 Warning: Warning (2): Invalid argument supplied for foreach() in [CORE/cake/libs/model/datasources/dbo/dbo_mysql.php, line 192]
2009-09-18 13:57:34 Warning: Warning (2): array_keys() [<a href='http://php.net/function.array-keys'>function.array-keys</a>]: The first argument should be an array in [CORE/cake/libs/model/model.php, line 2501]
2009-09-18 13:57:35 Warning: Warning (512): <span style = "color:Red;text-align:left"><b>SQL Error:</b> 1146: Table 'bestprice.Favourits' doesn't exist</span> in [CORE/cake/libs/model/datasources/dbo_source.php, line 512]
2009-09-18 13:57:35 Warning: Warning (2): Invalid argument supplied for foreach() in [CORE/cake/libs/model/datasources/dbo/dbo_mysql.php, line 192]
2009-09-18 13:57:35 Warning: Warning (2): array_keys() [<a href='http://php.net/function.array-keys'>function.array-keys</a>]: The first argument should be an array in [CORE/cake/libs/model/model.php, line 2501]
2009-09-18 14:00:43 Warning: Warning (512): <span style = "color:Red;text-align:left"><b>SQL Error:</b> 1146: Table 'bestprice.Favourits' doesn't exist</span> in [CORE/cake/libs/model/datasources/dbo_source.php, line 512]
2009-09-18 14:00:43 Warning: Warning (2): Invalid argument supplied for foreach() in [CORE/cake/libs/model/datasources/dbo/dbo_mysql.php, line 192]
2009-09-18 14:00:43 Warning: Warning (2): array_keys() [<a href='http://php.net/function.array-keys'>function.array-keys</a>]: The first argument should be an array in [CORE/cake/libs/model/model.php, line 2501]
2009-09-18 14:00:44 Warning: Warning (512): <span style = "color:Red;text-align:left"><b>SQL Error:</b> 1146: Table 'bestprice.Favourits' doesn't exist</span> in [CORE/cake/libs/model/datasources/dbo_source.php, line 512]
2009-09-18 14:00:44 Warning: Warning (2): Invalid argument supplied for foreach() in [CORE/cake/libs/model/datasources/dbo/dbo_mysql.php, line 192]
2009-09-18 14:00:44 Warning: Warning (2): array_keys() [<a href='http://php.net/function.array-keys'>function.array-keys</a>]: The first argument should be an array in [CORE/cake/libs/model/model.php, line 2501]
2009-09-18 14:02:03 Warning: Warning (512): <span style = "color:Red;text-align:left"><b>SQL Error:</b> 1146: Table 'bestprice.Favourits' doesn't exist</span> in [CORE/cake/libs/model/datasources/dbo_source.php, line 512]
2009-09-18 14:02:03 Warning: Warning (2): Invalid argument supplied for foreach() in [CORE/cake/libs/model/datasources/dbo/dbo_mysql.php, line 192]
2009-09-18 14:02:04 Warning: Warning (512): <span style = "color:Red;text-align:left"><b>SQL Error:</b> 1146: Table 'bestprice.Favourits' doesn't exist</span> in [CORE/cake/libs/model/datasources/dbo_source.php, line 512]
2009-09-18 14:02:04 Warning: Warning (2): Invalid argument supplied for foreach() in [CORE/cake/libs/model/datasources/dbo/dbo_mysql.php, line 192]
2009-09-18 14:02:23 Warning: Warning (512): <span style = "color:Red;text-align:left"><b>SQL Error:</b> 1146: Table 'bestprice.Favourits' doesn't exist</span> in [CORE/cake/libs/model/datasources/dbo_source.php, line 512]
2009-09-18 14:02:23 Warning: Warning (2): Invalid argument supplied for foreach() in [CORE/cake/libs/model/datasources/dbo/dbo_mysql.php, line 192]
2009-09-18 14:02:23 Warning: Warning (2): array_keys() [<a href='http://php.net/function.array-keys'>function.array-keys</a>]: The first argument should be an array in [CORE/cake/libs/model/model.php, line 2501]
2009-09-18 14:02:23 Warning: Warning (512): <span style = "color:Red;text-align:left"><b>SQL Error:</b> 1146: Table 'bestprice.Favourits' doesn't exist</span> in [CORE/cake/libs/model/datasources/dbo_source.php, line 512]
2009-09-18 14:02:23 Warning: Warning (2): Invalid argument supplied for foreach() in [CORE/cake/libs/model/datasources/dbo/dbo_mysql.php, line 192]
2009-09-18 14:02:23 Warning: Warning (2): array_keys() [<a href='http://php.net/function.array-keys'>function.array-keys</a>]: The first argument should be an array in [CORE/cake/libs/model/model.php, line 2501]
2009-09-18 14:03:15 Warning: Warning (512): <span style = "color:Red;text-align:left"><b>SQL Error:</b> 1146: Table 'bestprice.Favourits' doesn't exist</span> in [CORE/cake/libs/model/datasources/dbo_source.php, line 512]
2009-09-18 14:03:15 Warning: Warning (2): Invalid argument supplied for foreach() in [CORE/cake/libs/model/datasources/dbo/dbo_mysql.php, line 192]
2009-09-18 14:03:15 Warning: Warning (2): array_keys() [<a href='http://php.net/function.array-keys'>function.array-keys</a>]: The first argument should be an array in [CORE/cake/libs/model/model.php, line 2501]
2009-09-18 14:04:02 Warning: Warning (512): <span style = "color:Red;text-align:left"><b>SQL Error:</b> 1146: Table 'bestprice.Favourits' doesn't exist</span> in [CORE/cake/libs/model/datasources/dbo_source.php, line 512]
2009-09-18 14:04:02 Warning: Warning (2): Invalid argument supplied for foreach() in [CORE/cake/libs/model/datasources/dbo/dbo_mysql.php, line 192]
2009-09-18 14:04:02 Warning: Warning (2): array_keys() [<a href='http://php.net/function.array-keys'>function.array-keys</a>]: The first argument should be an array in [CORE/cake/libs/model/model.php, line 2501]
2009-09-18 14:06:26 Warning: Warning (512): <span style = "color:Red;text-align:left"><b>SQL Error:</b> 1146: Table 'bestprice.Favourites' doesn't exist</span> in [CORE/cake/libs/model/datasources/dbo_source.php, line 512]
2009-09-18 14:06:26 Warning: Warning (2): Invalid argument supplied for foreach() in [CORE/cake/libs/model/datasources/dbo/dbo_mysql.php, line 192]
2009-09-18 14:06:26 Warning: Warning (2): array_keys() [<a href='http://php.net/function.array-keys'>function.array-keys</a>]: The first argument should be an array in [CORE/cake/libs/model/model.php, line 2501]
2009-09-18 14:06:27 Warning: Warning (512): <span style = "color:Red;text-align:left"><b>SQL Error:</b> 1146: Table 'bestprice.Favourites' doesn't exist</span> in [CORE/cake/libs/model/datasources/dbo_source.php, line 512]
2009-09-18 14:06:27 Warning: Warning (2): Invalid argument supplied for foreach() in [CORE/cake/libs/model/datasources/dbo/dbo_mysql.php, line 192]
2009-09-18 14:06:27 Warning: Warning (2): array_keys() [<a href='http://php.net/function.array-keys'>function.array-keys</a>]: The first argument should be an array in [CORE/cake/libs/model/model.php, line 2501]
2009-09-18 14:06:45 Warning: Warning (512): <span style = "color:Red;text-align:left"><b>SQL Error:</b> 1146: Table 'bestprice.Favourites' doesn't exist</span> in [CORE/cake/libs/model/datasources/dbo_source.php, line 512]
2009-09-18 14:06:45 Warning: Warning (2): Invalid argument supplied for foreach() in [CORE/cake/libs/model/datasources/dbo/dbo_mysql.php, line 192]
2009-09-18 14:06:45 Warning: Warning (2): array_keys() [<a href='http://php.net/function.array-keys'>function.array-keys</a>]: The first argument should be an array in [CORE/cake/libs/model/model.php, line 2501]
2009-09-18 14:06:45 Warning: Warning (512): <span style = "color:Red;text-align:left"><b>SQL Error:</b> 1146: Table 'bestprice.Favourites' doesn't exist</span> in [CORE/cake/libs/model/datasources/dbo_source.php, line 512]
2009-09-18 14:06:45 Warning: Warning (2): Invalid argument supplied for foreach() in [CORE/cake/libs/model/datasources/dbo/dbo_mysql.php, line 192]
2009-09-18 14:06:45 Warning: Warning (2): array_keys() [<a href='http://php.net/function.array-keys'>function.array-keys</a>]: The first argument should be an array in [CORE/cake/libs/model/model.php, line 2501]
2009-09-18 14:06:46 Warning: Warning (512): <span style = "color:Red;text-align:left"><b>SQL Error:</b> 1146: Table 'bestprice.Favourites' doesn't exist</span> in [CORE/cake/libs/model/datasources/dbo_source.php, line 512]
2009-09-18 14:06:46 Warning: Warning (2): Invalid argument supplied for foreach() in [CORE/cake/libs/model/datasources/dbo/dbo_mysql.php, line 192]
2009-09-18 14:06:46 Warning: Warning (512): <span style = "color:Red;text-align:left"><b>SQL Error:</b> 1054: Unknown column 'User.image' in 'field list'</span> in [CORE/cake/libs/model/datasources/dbo_source.php, line 512]
2009-09-18 14:06:46 Warning: Warning (512): <span style = "color:Red;text-align:left"><b>SQL Error:</b> 1146: Table 'bestprice.Favourites' doesn't exist</span> in [CORE/cake/libs/model/datasources/dbo_source.php, line 512]
2009-09-18 14:06:46 Warning: Warning (2): Invalid argument supplied for foreach() in [CORE/cake/libs/model/datasources/dbo/dbo_mysql.php, line 192]
2009-09-18 14:06:47 Warning: Warning (512): <span style = "color:Red;text-align:left"><b>SQL Error:</b> 1054: Unknown column 'User.image' in 'field list'</span> in [CORE/cake/libs/model/datasources/dbo_source.php, line 512]
2009-09-18 14:07:47 Warning: Warning (512): <span style = "color:Red;text-align:left"><b>SQL Error:</b> 1146: Table 'bestprice.Favourites' doesn't exist</span> in [CORE/cake/libs/model/datasources/dbo_source.php, line 512]
2009-09-18 14:07:47 Warning: Warning (2): Invalid argument supplied for foreach() in [CORE/cake/libs/model/datasources/dbo/dbo_mysql.php, line 192]
2009-09-18 14:07:48 Warning: Warning (512): <span style = "color:Red;text-align:left"><b>SQL Error:</b> 1146: Table 'bestprice.Favourites' doesn't exist</span> in [CORE/cake/libs/model/datasources/dbo_source.php, line 512]
2009-09-18 14:07:48 Warning: Warning (2): Invalid argument supplied for foreach() in [CORE/cake/libs/model/datasources/dbo/dbo_mysql.php, line 192]
2009-09-18 14:07:48 Warning: Warning (2): array_keys() [<a href='http://php.net/function.array-keys'>function.array-keys</a>]: The first argument should be an array in [CORE/cake/libs/model/model.php, line 2501]
2009-09-18 14:07:56 Warning: Warning (512): <span style = "color:Red;text-align:left"><b>SQL Error:</b> 1146: Table 'bestprice.Favourites' doesn't exist</span> in [CORE/cake/libs/model/datasources/dbo_source.php, line 512]
2009-09-18 14:07:56 Warning: Warning (2): Invalid argument supplied for foreach() in [CORE/cake/libs/model/datasources/dbo/dbo_mysql.php, line 192]
2009-09-18 14:07:56 Warning: Warning (2): array_keys() [<a href='http://php.net/function.array-keys'>function.array-keys</a>]: The first argument should be an array in [CORE/cake/libs/model/model.php, line 2501]
2009-09-18 14:07:58 Warning: Warning (512): <span style = "color:Red;text-align:left"><b>SQL Error:</b> 1146: Table 'bestprice.Favourites' doesn't exist</span> in [CORE/cake/libs/model/datasources/dbo_source.php, line 512]
2009-09-18 14:07:58 Warning: Warning (2): Invalid argument supplied for foreach() in [CORE/cake/libs/model/datasources/dbo/dbo_mysql.php, line 192]
2009-09-18 14:07:58 Warning: Warning (2): array_keys() [<a href='http://php.net/function.array-keys'>function.array-keys</a>]: The first argument should be an array in [CORE/cake/libs/model/model.php, line 2501]
2009-09-18 14:10:18 Warning: Warning (512): <span style = "color:Red;text-align:left"><b>SQL Error:</b> 1146: Table 'bestprice.favourites' doesn't exist</span> in [CORE/cake/libs/model/datasources/dbo_source.php, line 512]
2009-09-18 14:10:18 Warning: Warning (2): Invalid argument supplied for foreach() in [CORE/cake/libs/model/datasources/dbo/dbo_mysql.php, line 192]
2009-09-18 14:10:18 Warning: Warning (2): array_keys() [<a href='http://php.net/function.array-keys'>function.array-keys</a>]: The first argument should be an array in [CORE/cake/libs/model/datasources/dbo_source.php, line 1633]
2009-09-18 14:10:18 Warning: Warning (2): array_filter() [<a href='http://php.net/function.array-filter'>function.array-filter</a>]: The first argument should be an array in [CORE/cake/libs/model/datasources/dbo_source.php, line 1637]
2009-09-18 14:10:18 Warning: Warning (2): array_values() [<a href='http://php.net/function.array-values'>function.array-values</a>]: The argument should be an array in [CORE/cake/libs/model/datasources/dbo_source.php, line 1637]
2009-09-18 14:10:18 Warning: Warning (2): array_unique() [<a href='http://php.net/function.array-unique'>function.array-unique</a>]: The argument should be an array in [CORE/cake/libs/model/datasources/dbo_source.php, line 1693]
2009-09-18 14:10:18 Warning: Warning (2): array_merge() [<a href='http://php.net/function.array-merge'>function.array-merge</a>]: Argument #1 is not an array in [CORE/cake/libs/model/datasources/dbo_source.php, line 1106]
2009-09-18 14:10:18 Warning: Warning (2): array_unique() [<a href='http://php.net/function.array-unique'>function.array-unique</a>]: The argument should be an array in [CORE/cake/libs/model/datasources/dbo_source.php, line 1110]
2009-09-18 14:10:18 Warning: Warning (2): join() [<a href='http://php.net/function.join'>function.join</a>]: Bad arguments. in [CORE/cake/libs/model/datasources/dbo_source.php, line 1243]
2009-09-18 14:10:18 Warning: Warning (2): array_merge() [<a href='http://php.net/function.array-merge'>function.array-merge</a>]: Argument #1 is not an array in [CORE/cake/libs/model/datasources/dbo_source.php, line 1144]
2009-09-18 14:10:18 Warning: Warning (512): <span style = "color:Red;text-align:left"><b>SQL Error:</b> 1064: You have an error in your SQL syntax; check the manual that corresponds to your MySQL server version for the right syntax to use near 'FROM `favourites` AS `Favourites`   WHERE `Favourites`.`company_id` IN (4, 3, 1)' at line 1</span> in [CORE/cake/libs/model/datasources/dbo_source.php, line 512]
2009-09-18 14:10:18 Warning: Warning (2): Invalid argument supplied for foreach() in [CORE/cake/libs/model/datasources/dbo_source.php, line 884]
2009-09-18 14:10:18 Warning: Warning (512): <span style = "color:Red;text-align:left"><b>SQL Error:</b> 1064: You have an error in your SQL syntax; check the manual that corresponds to your MySQL server version for the right syntax to use near 'FROM `favourites` AS `Interest` JOIN `Favourites` AS `Companies` ON (`Companies`' at line 1</span> in [CORE/cake/libs/model/datasources/dbo_source.php, line 512]
2009-09-18 14:11:07 Warning: Warning (512): <span style = "color:Red;text-align:left"><b>SQL Error:</b> 1146: Table 'bestprice.Favourites' doesn't exist</span> in [CORE/cake/libs/model/datasources/dbo_source.php, line 512]
2009-09-18 14:11:07 Warning: Warning (2): Invalid argument supplied for foreach() in [CORE/cake/libs/model/datasources/dbo/dbo_mysql.php, line 192]
2009-09-18 14:11:07 Warning: Warning (2): array_keys() [<a href='http://php.net/function.array-keys'>function.array-keys</a>]: The first argument should be an array in [CORE/cake/libs/model/model.php, line 2501]
2009-09-18 14:11:50 Warning: Warning (512): <span style = "color:Red;text-align:left"><b>SQL Error:</b> 1146: Table 'bestprice.Favourites' doesn't exist</span> in [CORE/cake/libs/model/datasources/dbo_source.php, line 512]
2009-09-18 14:11:50 Warning: Warning (2): Invalid argument supplied for foreach() in [CORE/cake/libs/model/datasources/dbo/dbo_mysql.php, line 192]
2009-09-18 14:11:50 Warning: Warning (2): array_keys() [<a href='http://php.net/function.array-keys'>function.array-keys</a>]: The first argument should be an array in [CORE/cake/libs/model/model.php, line 2501]
2009-09-18 14:16:38 Warning: Warning (512): <span style = "color:Red;text-align:left"><b>SQL Error:</b> 1146: Table 'bestprice.Favourites' doesn't exist</span> in [CORE/cake/libs/model/datasources/dbo_source.php, line 512]
2009-09-18 14:16:38 Warning: Warning (2): Invalid argument supplied for foreach() in [CORE/cake/libs/model/datasources/dbo/dbo_mysql.php, line 192]
2009-09-18 14:16:38 Warning: Warning (2): Invalid argument supplied for foreach() in [APP/views/layouts/default.ctp, line 128]
2009-09-18 14:19:06 Warning: Warning (512): <span style = "color:Red;text-align:left"><b>SQL Error:</b> 1146: Table 'bestprice.Favourites' doesn't exist</span> in [CORE/cake/libs/model/datasources/dbo_source.php, line 512]
2009-09-18 14:19:06 Warning: Warning (2): Invalid argument supplied for foreach() in [CORE/cake/libs/model/datasources/dbo/dbo_mysql.php, line 192]
2009-09-18 14:19:06 Warning: Warning (2): array_keys() [<a href='http://php.net/function.array-keys'>function.array-keys</a>]: The first argument should be an array in [CORE/cake/libs/model/model.php, line 2501]
2009-09-18 14:19:44 Warning: Warning (512): <span style = "color:Red;text-align:left"><b>SQL Error:</b> 1146: Table 'bestprice.Favourites' doesn't exist</span> in [CORE/cake/libs/model/datasources/dbo_source.php, line 512]
2009-09-18 14:19:44 Warning: Warning (2): Invalid argument supplied for foreach() in [CORE/cake/libs/model/datasources/dbo/dbo_mysql.php, line 192]
2009-09-18 14:19:44 Warning: Warning (2): array_keys() [<a href='http://php.net/function.array-keys'>function.array-keys</a>]: The first argument should be an array in [CORE/cake/libs/model/model.php, line 2501]
2009-09-18 14:19:54 Warning: Warning (512): <span style = "color:Red;text-align:left"><b>SQL Error:</b> 1146: Table 'bestprice.Favourites' doesn't exist</span> in [CORE/cake/libs/model/datasources/dbo_source.php, line 512]
2009-09-18 14:19:54 Warning: Warning (2): Invalid argument supplied for foreach() in [CORE/cake/libs/model/datasources/dbo/dbo_mysql.php, line 192]
2009-09-18 14:19:54 Warning: Warning (2): array_keys() [<a href='http://php.net/function.array-keys'>function.array-keys</a>]: The first argument should be an array in [CORE/cake/libs/model/model.php, line 2501]
2009-09-18 14:19:55 Warning: Warning (512): <span style = "color:Red;text-align:left"><b>SQL Error:</b> 1146: Table 'bestprice.Favourites' doesn't exist</span> in [CORE/cake/libs/model/datasources/dbo_source.php, line 512]
2009-09-18 14:19:55 Warning: Warning (2): Invalid argument supplied for foreach() in [CORE/cake/libs/model/datasources/dbo/dbo_mysql.php, line 192]
2009-09-18 14:19:55 Warning: Warning (2): array_keys() [<a href='http://php.net/function.array-keys'>function.array-keys</a>]: The first argument should be an array in [CORE/cake/libs/model/model.php, line 2501]
2009-09-18 14:20:34 Warning: Warning (512): <span style = "color:Red;text-align:left"><b>SQL Error:</b> 1146: Table 'bestprice.Favourites' doesn't exist</span> in [CORE/cake/libs/model/datasources/dbo_source.php, line 512]
2009-09-18 14:20:34 Warning: Warning (2): Invalid argument supplied for foreach() in [CORE/cake/libs/model/datasources/dbo/dbo_mysql.php, line 192]
2009-09-18 14:20:34 Warning: Warning (2): array_keys() [<a href='http://php.net/function.array-keys'>function.array-keys</a>]: The first argument should be an array in [CORE/cake/libs/model/model.php, line 2501]
2009-09-18 14:20:36 Warning: Warning (512): <span style = "color:Red;text-align:left"><b>SQL Error:</b> 1146: Table 'bestprice.Favourites' doesn't exist</span> in [CORE/cake/libs/model/datasources/dbo_source.php, line 512]
2009-09-18 14:20:36 Warning: Warning (2): Invalid argument supplied for foreach() in [CORE/cake/libs/model/datasources/dbo/dbo_mysql.php, line 192]
2009-09-18 14:20:36 Warning: Warning (2): array_keys() [<a href='http://php.net/function.array-keys'>function.array-keys</a>]: The first argument should be an array in [CORE/cake/libs/model/model.php, line 2501]
2009-09-18 14:22:00 Warning: Warning (512): <span style = "color:Red;text-align:left"><b>SQL Error:</b> 1146: Table 'bestprice.Favourites' doesn't exist</span> in [CORE/cake/libs/model/datasources/dbo_source.php, line 512]
2009-09-18 14:22:00 Warning: Warning (2): Invalid argument supplied for foreach() in [CORE/cake/libs/model/datasources/dbo/dbo_mysql.php, line 192]
2009-09-18 14:22:00 Warning: Warning (2): array_keys() [<a href='http://php.net/function.array-keys'>function.array-keys</a>]: The first argument should be an array in [CORE/cake/libs/model/model.php, line 2501]
2009-09-18 14:22:22 Warning: Warning (512): <span style = "color:Red;text-align:left"><b>SQL Error:</b> 1146: Table 'bestprice.Favourites' doesn't exist</span> in [CORE/cake/libs/model/datasources/dbo_source.php, line 512]
2009-09-18 14:22:22 Warning: Warning (2): Invalid argument supplied for foreach() in [CORE/cake/libs/model/datasources/dbo/dbo_mysql.php, line 192]
2009-09-18 14:22:22 Warning: Warning (2): array_keys() [<a href='http://php.net/function.array-keys'>function.array-keys</a>]: The first argument should be an array in [CORE/cake/libs/model/model.php, line 2501]
2009-09-18 14:24:36 Warning: Warning (2): Invalid argument supplied for foreach() in [APP/views/layouts/default.ctp, line 130]
2009-09-18 14:54:09 Warning: Warning (512): <span style = "color:Red;text-align:left"><b>SQL Error:</b> 1054: Unknown column 'Favourites.company_id' in 'where clause'</span> in [CORE/cake/libs/model/datasources/dbo_source.php, line 512]
2009-09-18 14:54:09 Warning: Warning (512): <span style = "color:Red;text-align:left"><b>SQL Error:</b> 1054: Unknown column 'Favourites.company_id' in 'where clause'</span> in [CORE/cake/libs/model/datasources/dbo_source.php, line 512]
2009-09-18 14:57:03 Warning: Warning (512): <span style = "color:Red;text-align:left"><b>SQL Error:</b> 1054: Unknown column 'order' in 'where clause'</span> in [CORE/cake/libs/model/datasources/dbo_source.php, line 512]
2009-09-18 14:57:03 Warning: Warning (2): Invalid argument supplied for foreach() in [APP/views/layouts/default.ctp, line 130]
2009-09-18 15:01:27 Warning: Warning (512): <span style = "color:Red;text-align:left"><b>SQL Error:</b> 1054: Unknown column 'order' in 'where clause'</span> in [CORE/cake/libs/model/datasources/dbo_source.php, line 512]
2009-09-18 15:01:27 Warning: Warning (2): Invalid argument supplied for foreach() in [APP/views/layouts/default.ctp, line 130]
2009-09-18 15:02:01 Warning: Warning (512): <span style = "color:Red;text-align:left"><b>SQL Error:</b> 1054: Unknown column 'order' in 'where clause'</span> in [CORE/cake/libs/model/datasources/dbo_source.php, line 512]
2009-09-18 15:02:01 Warning: Warning (2): Invalid argument supplied for foreach() in [APP/views/layouts/default.ctp, line 130]
2009-09-18 15:02:50 Warning: Warning (512): <span style = "color:Red;text-align:left"><b>SQL Error:</b> 1064: You have an error in your SQL syntax; check the manual that corresponds to your MySQL server version for the right syntax to use near 'order = `Company`.`id` DESC AND `limit` = '3'    LIMIT 3' at line 1</span> in [CORE/cake/libs/model/datasources/dbo_source.php, line 512]
2009-09-18 15:02:50 Warning: Warning (2): Invalid argument supplied for foreach() in [APP/views/layouts/default.ctp, line 130]
2009-09-18 15:03:30 Warning: Warning (512): <span style = "color:Red;text-align:left"><b>SQL Error:</b> 1064: You have an error in your SQL syntax; check the manual that corresponds to your MySQL server version for the right syntax to use near 'order = `Company`.`id` DESC    LIMIT 3' at line 1</span> in [CORE/cake/libs/model/datasources/dbo_source.php, line 512]
2009-09-18 15:03:30 Warning: Warning (2): Invalid argument supplied for foreach() in [APP/views/layouts/default.ctp, line 130]
2009-09-18 15:19:40 Warning: Warning (512): <span style = "color:Red;text-align:left"><b>SQL Error:</b> 1064: You have an error in your SQL syntax; check the manual that corresponds to your MySQL server version for the right syntax to use near '%' at line 1</span> in [CORE/cake/libs/model/datasources/dbo_source.php, line 512]
2009-09-18 15:19:40 Warning: Warning (2): Invalid argument supplied for foreach() in [APP/views/companies/search.ctp, line 6]
2009-09-18 19:29:03 Warning: Warning (2): Invalid argument supplied for foreach() in [APP\views\video\index.ctp, line 6]
2009-09-19 00:15:03 Warning: Warning (512): <span style = "color:Red;text-align:left"><b>SQL Error:</b> 1054: Unknown column 'Video.songtitel' in 'where clause'</span> in [CORE\cake\libs\model\datasources\dbo_source.php, line 512]
2009-09-19 00:15:39 Warning: Warning (512): <span style = "color:Red;text-align:left"><b>SQL Error:</b> 1054: Unknown column 'Video.songtitel' in 'where clause'</span> in [CORE\cake\libs\model\datasources\dbo_source.php, line 512]
2009-09-19 00:16:17 Warning: Warning (512): <span style = "color:Red;text-align:left"><b>SQL Error:</b> 1054: Unknown column 'Video.songtitel' in 'where clause'</span> in [CORE\cake\libs\model\datasources\dbo_source.php, line 512]
2009-09-19 00:16:29 Warning: Warning (512): <span style = "color:Red;text-align:left"><b>SQL Error:</b> 1054: Unknown column 'Video.songtitel' in 'where clause'</span> in [CORE\cake\libs\model\datasources\dbo_source.php, line 512]
2009-09-19 03:59:22 Warning: Warning (512): <span style = "color:Red;text-align:left"><b>SQL Error:</b> 1064: You have an error in your SQL syntax; check the manual that corresponds to your MySQL server version for the right syntax to use near 'LIMIT 1' at line 1</span> in [CORE\cake\libs\model\datasources\dbo_source.php, line 512]
2009-09-19 16:44:12 Warning: Warning (512): <span style = "color:Red;text-align:left"><b>SQL Error:</b> 1062: Duplicate entry '' for key 'e-mail'</span> in [CORE\cake\libs\model\datasources\dbo_source.php, line 512]
2009-09-19 17:41:40 Warning: Warning (2): fopen(D:\xampp\htdocs\work\cakemelody\app\tmp\cache\persistent\cake_core_default_en_us) [<a href='http://php.net/function.fopen'>function.fopen</a>]: failed to open stream: Permission denied in [CORE\cake\libs\file.php, line 146]
2009-11-15 02:28:12 Warning: Warning (2): htmlspecialchars() [<a href='http://php.net/function.htmlspecialchars'>function.htmlspecialchars</a>]: charset `charset=iso-8859-1' not supported, assuming iso-8859-1 in [CORE\cake\basics.php, line 208]
2009-11-15 02:28:12 Warning: Warning (2): require_once(/work/cakemelody/app/webanalyse/include/stats_main.inc) [<a href='http://php.net/function.require-once'>function.require-once</a>]: failed to open stream: No such file or directory in [APP\views\elements\footer.ctp, line 123]
2009-11-15 02:29:07 Warning: Warning (2): htmlspecialchars() [<a href='http://php.net/function.htmlspecialchars'>function.htmlspecialchars</a>]: charset `charset=iso-8859-1' not supported, assuming iso-8859-1 in [CORE\cake\basics.php, line 208]
2009-11-15 02:29:07 Warning: Warning (2): require_once(/work/cakemelody/app/webanalyse/include/stats_main.inc) [<a href='http://php.net/function.require-once'>function.require-once</a>]: failed to open stream: No such file or directory in [APP\views\elements\footer.ctp, line 123]
2009-11-15 02:29:17 Warning: Warning (2): htmlspecialchars() [<a href='http://php.net/function.htmlspecialchars'>function.htmlspecialchars</a>]: charset `charset=iso-8859-1' not supported, assuming iso-8859-1 in [CORE\cake\basics.php, line 208]
2009-11-15 02:29:17 Warning: Warning (2): require_once(/work/cakemelody/webanalyse/include/stats_main.inc) [<a href='http://php.net/function.require-once'>function.require-once</a>]: failed to open stream: No such file or directory in [APP\views\elements\footer.ctp, line 123]
2009-11-15 02:29:37 Warning: Warning (2): htmlspecialchars() [<a href='http://php.net/function.htmlspecialchars'>function.htmlspecialchars</a>]: charset `charset=iso-8859-1' not supported, assuming iso-8859-1 in [CORE\cake\basics.php, line 208]
2009-11-15 02:29:37 Warning: Warning (2): require_once(/work/cakemelody/webanalyse/include/stats_main.inc) [<a href='http://php.net/function.require-once'>function.require-once</a>]: failed to open stream: No such file or directory in [APP\views\elements\footer.ctp, line 123]
2009-11-15 02:30:43 Warning: Warning (2): htmlspecialchars() [<a href='http://php.net/function.htmlspecialchars'>function.htmlspecialchars</a>]: charset `charset=iso-8859-1' not supported, assuming iso-8859-1 in [CORE\cake\basics.php, line 208]
2009-11-15 02:31:06 Warning: Warning (2): htmlspecialchars() [<a href='http://php.net/function.htmlspecialchars'>function.htmlspecialchars</a>]: charset `charset=iso-8859-1' not supported, assuming iso-8859-1 in [CORE\cake\basics.php, line 208]
2009-11-15 02:51:31 Warning: Warning (2): require_once(D:/xampp/htdocs/work/cakemelody/app/views/webanalyse/include/stats_main.inc) [<a href='http://php.net/function.require-once'>function.require-once</a>]: failed to open stream: No such file or directory in [APP\views\elements\footer.ctp, line 123]
2009-11-15 02:51:59 Warning: Warning (2): require_once(D:/xampp/htdocs/work/cakemelody/app/views/webanalyse/include/stats_main.inc) [<a href='http://php.net/function.require-once'>function.require-once</a>]: failed to open stream: No such file or directory in [APP\views\elements\footer.ctp, line 123]
